2020-12-01 11:34:11,883 [Worker-1: Loading available Gradle versions] INFO  o.e.b.c.i.u.g.PublishedGradleVersions - Gradle version information cache is up-to-date. Trying to read.
2020-12-01 11:34:58,420 [Worker-2: Importing Maven projects] INFO  o.e.m.c.i.e.AbstractTransferListenerAdapter - Downloading https://repo.maven.apache.org/maven2/org/springframework/boot/spring-boot-starter-parent/2.3.6.RELEASE/spring-boot-starter-parent-2.3.6.RELEASE.pom
2020-12-01 11:34:58,694 [Worker-2: Importing Maven projects] INFO  o.e.m.c.i.e.AbstractTransferListenerAdapter - Downloaded https://repo.maven.apache.org/maven2/org/springframework/boot/spring-boot-starter-parent/2.3.6.RELEASE/spring-boot-starter-parent-2.3.6.RELEASE.pom
2020-12-01 11:34:58,840 [Worker-2: Importing Maven projects] INFO  o.e.m.c.i.e.AbstractTransferListenerAdapter - Downloading https://repo.maven.apache.org/maven2/org/springframework/boot/spring-boot-dependencies/2.3.6.RELEASE/spring-boot-dependencies-2.3.6.RELEASE.pom
2020-12-01 11:34:59,224 [Worker-2: Importing Maven projects] INFO  o.e.m.c.i.e.AbstractTransferListenerAdapter - Downloaded https://repo.maven.apache.org/maven2/org/springframework/boot/spring-boot-dependencies/2.3.6.RELEASE/spring-boot-dependencies-2.3.6.RELEASE.pom
2020-12-01 11:34:59,518 [Worker-2: Importing Maven projects] INFO  o.e.m.c.i.e.AbstractTransferListenerAdapter - Downloading https://repo.maven.apache.org/maven2/io/micrometer/micrometer-bom/1.5.7/micrometer-bom-1.5.7.pom
2020-12-01 11:34:59,647 [Worker-2: Importing Maven projects] INFO  o.e.m.c.i.e.AbstractTransferListenerAdapter - Downloaded https://repo.maven.apache.org/maven2/io/micrometer/micrometer-bom/1.5.7/micrometer-bom-1.5.7.pom
2020-12-01 11:34:59,784 [Worker-2: Importing Maven projects] INFO  o.e.m.c.i.e.AbstractTransferListenerAdapter - Downloading https://repo.maven.apache.org/maven2/io/projectreactor/reactor-bom/Dysprosium-SR14/reactor-bom-Dysprosium-SR14.pom
2020-12-01 11:34:59,912 [Worker-2: Importing Maven projects] INFO  o.e.m.c.i.e.AbstractTransferListenerAdapter - Downloaded https://repo.maven.apache.org/maven2/io/projectreactor/reactor-bom/Dysprosium-SR14/reactor-bom-Dysprosium-SR14.pom
2020-12-01 11:35:00,044 [Worker-2: Importing Maven projects] INFO  o.e.m.c.i.e.AbstractTransferListenerAdapter - Downloading https://repo.maven.apache.org/maven2/io/rsocket/rsocket-bom/1.0.3/rsocket-bom-1.0.3.pom
2020-12-01 11:35:00,174 [Worker-2: Importing Maven projects] INFO  o.e.m.c.i.e.AbstractTransferListenerAdapter - Downloaded https://repo.maven.apache.org/maven2/io/rsocket/rsocket-bom/1.0.3/rsocket-bom-1.0.3.pom
2020-12-01 11:35:00,307 [Worker-2: Importing Maven projects] INFO  o.e.m.c.i.e.AbstractTransferListenerAdapter - Downloading https://repo.maven.apache.org/maven2/org/springframework/data/spring-data-releasetrain/Neumann-SR5/spring-data-releasetrain-Neumann-SR5.pom
2020-12-01 11:35:00,439 [Worker-2: Importing Maven projects] INFO  o.e.m.c.i.e.AbstractTransferListenerAdapter - Downloaded https://repo.maven.apache.org/maven2/org/springframework/data/spring-data-releasetrain/Neumann-SR5/spring-data-releasetrain-Neumann-SR5.pom
2020-12-01 11:35:00,570 [Worker-2: Importing Maven projects] INFO  o.e.m.c.i.e.AbstractTransferListenerAdapter - Downloading https://repo.maven.apache.org/maven2/org/springframework/data/build/spring-data-build/2.3.5.RELEASE/spring-data-build-2.3.5.RELEASE.pom
2020-12-01 11:35:00,732 [Worker-2: Importing Maven projects] INFO  o.e.m.c.i.e.AbstractTransferListenerAdapter - Downloaded https://repo.maven.apache.org/maven2/org/springframework/data/build/spring-data-build/2.3.5.RELEASE/spring-data-build-2.3.5.RELEASE.pom
2020-12-01 11:35:00,865 [Worker-2: Importing Maven projects] INFO  o.e.m.c.i.e.AbstractTransferListenerAdapter - Downloading https://repo.maven.apache.org/maven2/org/springframework/spring-framework-bom/5.2.11.RELEASE/spring-framework-bom-5.2.11.RELEASE.pom
2020-12-01 11:35:00,993 [Worker-2: Importing Maven projects] INFO  o.e.m.c.i.e.AbstractTransferListenerAdapter - Downloaded https://repo.maven.apache.org/maven2/org/springframework/spring-framework-bom/5.2.11.RELEASE/spring-framework-bom-5.2.11.RELEASE.pom
2020-12-01 11:35:01,126 [Worker-2: Importing Maven projects] INFO  o.e.m.c.i.e.AbstractTransferListenerAdapter - Downloading https://repo.maven.apache.org/maven2/org/springframework/integration/spring-integration-bom/5.3.4.RELEASE/spring-integration-bom-5.3.4.RELEASE.pom
2020-12-01 11:35:01,254 [Worker-2: Importing Maven projects] INFO  o.e.m.c.i.e.AbstractTransferListenerAdapter - Downloaded https://repo.maven.apache.org/maven2/org/springframework/integration/spring-integration-bom/5.3.4.RELEASE/spring-integration-bom-5.3.4.RELEASE.pom
2020-12-01 11:35:01,385 [Worker-2: Importing Maven projects] INFO  o.e.m.c.i.e.AbstractTransferListenerAdapter - Downloading https://repo.maven.apache.org/maven2/org/springframework/security/spring-security-bom/5.3.5.RELEASE/spring-security-bom-5.3.5.RELEASE.pom
2020-12-01 11:35:01,516 [Worker-2: Importing Maven projects] INFO  o.e.m.c.i.e.AbstractTransferListenerAdapter - Downloaded https://repo.maven.apache.org/maven2/org/springframework/security/spring-security-bom/5.3.5.RELEASE/spring-security-bom-5.3.5.RELEASE.pom
2020-12-01 11:35:02,465 [Worker-2: Importing Maven projects] INFO  o.e.m.c.i.e.AbstractTransferListenerAdapter - Downloading https://repo.maven.apache.org/maven2/org/springframework/boot/spring-boot-maven-plugin/2.3.6.RELEASE/spring-boot-maven-plugin-2.3.6.RELEASE.pom
2020-12-01 11:35:02,755 [Worker-2: Importing Maven projects] INFO  o.e.m.c.i.e.AbstractTransferListenerAdapter - Downloaded https://repo.maven.apache.org/maven2/org/springframework/boot/spring-boot-maven-plugin/2.3.6.RELEASE/spring-boot-maven-plugin-2.3.6.RELEASE.pom
2020-12-01 11:35:02,892 [Worker-2: Importing Maven projects] INFO  o.e.m.c.i.e.AbstractTransferListenerAdapter - Downloading https://repo.maven.apache.org/maven2/org/springframework/boot/spring-boot-maven-plugin/2.3.6.RELEASE/spring-boot-maven-plugin-2.3.6.RELEASE.jar
2020-12-01 11:35:03,179 [Worker-2: Importing Maven projects] INFO  o.e.m.c.i.e.AbstractTransferListenerAdapter - Downloaded https://repo.maven.apache.org/maven2/org/springframework/boot/spring-boot-maven-plugin/2.3.6.RELEASE/spring-boot-maven-plugin-2.3.6.RELEASE.jar
2020-12-01 11:35:04,389 [Worker-2: Importing Maven projects] INFO  o.e.m.c.i.l.LifecycleMappingFactory - Using org.eclipse.m2e.jdt.JarLifecycleMapping lifecycle mapping for MavenProject: com.devsuperior:crudClientes:0.0.1-SNAPSHOT @ D:\Projetos BootCamp\Atividade1\backend\pom.xml.
2020-12-01 11:35:04,535 [Worker-2: Importing Maven projects] INFO  o.e.m.c.i.e.AbstractTransferListenerAdapter - Downloading https://repo.maven.apache.org/maven2/org/springframework/boot/spring-boot-starter-web/2.3.6.RELEASE/spring-boot-starter-web-2.3.6.RELEASE.pom
2020-12-01 11:35:04,663 [Worker-2: Importing Maven projects] INFO  o.e.m.c.i.e.AbstractTransferListenerAdapter - Downloaded https://repo.maven.apache.org/maven2/org/springframework/boot/spring-boot-starter-web/2.3.6.RELEASE/spring-boot-starter-web-2.3.6.RELEASE.pom
2020-12-01 11:35:04,797 [Worker-2: Importing Maven projects] INFO  o.e.m.c.i.e.AbstractTransferListenerAdapter - Downloading https://repo.maven.apache.org/maven2/org/springframework/boot/spring-boot-starter/2.3.6.RELEASE/spring-boot-starter-2.3.6.RELEASE.pom
2020-12-01 11:35:04,925 [Worker-2: Importing Maven projects] INFO  o.e.m.c.i.e.AbstractTransferListenerAdapter - Downloaded https://repo.maven.apache.org/maven2/org/springframework/boot/spring-boot-starter/2.3.6.RELEASE/spring-boot-starter-2.3.6.RELEASE.pom
2020-12-01 11:35:05,054 [Worker-2: Importing Maven projects] INFO  o.e.m.c.i.e.AbstractTransferListenerAdapter - Downloading https://repo.maven.apache.org/maven2/org/springframework/boot/spring-boot/2.3.6.RELEASE/spring-boot-2.3.6.RELEASE.pom
2020-12-01 11:35:05,182 [Worker-2: Importing Maven projects] INFO  o.e.m.c.i.e.AbstractTransferListenerAdapter - Downloaded https://repo.maven.apache.org/maven2/org/springframework/boot/spring-boot/2.3.6.RELEASE/spring-boot-2.3.6.RELEASE.pom
2020-12-01 11:35:05,312 [Worker-2: Importing Maven projects] INFO  o.e.m.c.i.e.AbstractTransferListenerAdapter - Downloading https://repo.maven.apache.org/maven2/org/springframework/spring-core/5.2.11.RELEASE/spring-core-5.2.11.RELEASE.pom
2020-12-01 11:35:05,442 [Worker-2: Importing Maven projects] INFO  o.e.m.c.i.e.AbstractTransferListenerAdapter - Downloaded https://repo.maven.apache.org/maven2/org/springframework/spring-core/5.2.11.RELEASE/spring-core-5.2.11.RELEASE.pom
2020-12-01 11:35:05,572 [Worker-2: Importing Maven projects] INFO  o.e.m.c.i.e.AbstractTransferListenerAdapter - Downloading https://repo.maven.apache.org/maven2/org/springframework/spring-jcl/5.2.11.RELEASE/spring-jcl-5.2.11.RELEASE.pom
2020-12-01 11:35:05,701 [Worker-2: Importing Maven projects] INFO  o.e.m.c.i.e.AbstractTransferListenerAdapter - Downloaded https://repo.maven.apache.org/maven2/org/springframework/spring-jcl/5.2.11.RELEASE/spring-jcl-5.2.11.RELEASE.pom
2020-12-01 11:35:05,834 [Worker-2: Importing Maven projects] INFO  o.e.m.c.i.e.AbstractTransferListenerAdapter - Downloading https://repo.maven.apache.org/maven2/org/springframework/spring-context/5.2.11.RELEASE/spring-context-5.2.11.RELEASE.pom
2020-12-01 11:35:05,963 [Worker-2: Importing Maven projects] INFO  o.e.m.c.i.e.AbstractTransferListenerAdapter - Downloaded https://repo.maven.apache.org/maven2/org/springframework/spring-context/5.2.11.RELEASE/spring-context-5.2.11.RELEASE.pom
2020-12-01 11:35:06,093 [Worker-2: Importing Maven projects] INFO  o.e.m.c.i.e.AbstractTransferListenerAdapter - Downloading https://repo.maven.apache.org/maven2/org/springframework/spring-aop/5.2.11.RELEASE/spring-aop-5.2.11.RELEASE.pom
2020-12-01 11:35:06,222 [Worker-2: Importing Maven projects] INFO  o.e.m.c.i.e.AbstractTransferListenerAdapter - Downloaded https://repo.maven.apache.org/maven2/org/springframework/spring-aop/5.2.11.RELEASE/spring-aop-5.2.11.RELEASE.pom
2020-12-01 11:35:06,357 [Worker-2: Importing Maven projects] INFO  o.e.m.c.i.e.AbstractTransferListenerAdapter - Downloading https://repo.maven.apache.org/maven2/org/springframework/spring-beans/5.2.11.RELEASE/spring-beans-5.2.11.RELEASE.pom
2020-12-01 11:35:06,486 [Worker-2: Importing Maven projects] INFO  o.e.m.c.i.e.AbstractTransferListenerAdapter - Downloaded https://repo.maven.apache.org/maven2/org/springframework/spring-beans/5.2.11.RELEASE/spring-beans-5.2.11.RELEASE.pom
2020-12-01 11:35:06,617 [Worker-2: Importing Maven projects] INFO  o.e.m.c.i.e.AbstractTransferListenerAdapter - Downloading https://repo.maven.apache.org/maven2/org/springframework/spring-expression/5.2.11.RELEASE/spring-expression-5.2.11.RELEASE.pom
2020-12-01 11:35:06,743 [Worker-2: Importing Maven projects] INFO  o.e.m.c.i.e.AbstractTransferListenerAdapter - Downloaded https://repo.maven.apache.org/maven2/org/springframework/spring-expression/5.2.11.RELEASE/spring-expression-5.2.11.RELEASE.pom
2020-12-01 11:35:06,872 [Worker-2: Importing Maven projects] INFO  o.e.m.c.i.e.AbstractTransferListenerAdapter - Downloading https://repo.maven.apache.org/maven2/org/springframework/boot/spring-boot-autoconfigure/2.3.6.RELEASE/spring-boot-autoconfigure-2.3.6.RELEASE.pom
2020-12-01 11:35:07,001 [Worker-2: Importing Maven projects] INFO  o.e.m.c.i.e.AbstractTransferListenerAdapter - Downloaded https://repo.maven.apache.org/maven2/org/springframework/boot/spring-boot-autoconfigure/2.3.6.RELEASE/spring-boot-autoconfigure-2.3.6.RELEASE.pom
2020-12-01 11:35:07,131 [Worker-2: Importing Maven projects] INFO  o.e.m.c.i.e.AbstractTransferListenerAdapter - Downloading https://repo.maven.apache.org/maven2/org/springframework/boot/spring-boot-starter-logging/2.3.6.RELEASE/spring-boot-starter-logging-2.3.6.RELEASE.pom
2020-12-01 11:35:07,258 [Worker-2: Importing Maven projects] INFO  o.e.m.c.i.e.AbstractTransferListenerAdapter - Downloaded https://repo.maven.apache.org/maven2/org/springframework/boot/spring-boot-starter-logging/2.3.6.RELEASE/spring-boot-starter-logging-2.3.6.RELEASE.pom
2020-12-01 11:35:07,436 [Worker-2: Importing Maven projects] INFO  o.e.m.c.i.e.AbstractTransferListenerAdapter - Downloading https://repo.maven.apache.org/maven2/org/springframework/boot/spring-boot-starter-json/2.3.6.RELEASE/spring-boot-starter-json-2.3.6.RELEASE.pom
2020-12-01 11:35:07,563 [Worker-2: Importing Maven projects] INFO  o.e.m.c.i.e.AbstractTransferListenerAdapter - Downloaded https://repo.maven.apache.org/maven2/org/springframework/boot/spring-boot-starter-json/2.3.6.RELEASE/spring-boot-starter-json-2.3.6.RELEASE.pom
2020-12-01 11:35:07,695 [Worker-2: Importing Maven projects] INFO  o.e.m.c.i.e.AbstractTransferListenerAdapter - Downloading https://repo.maven.apache.org/maven2/org/springframework/spring-web/5.2.11.RELEASE/spring-web-5.2.11.RELEASE.pom
2020-12-01 11:35:07,826 [Worker-2: Importing Maven projects] INFO  o.e.m.c.i.e.AbstractTransferListenerAdapter - Downloaded https://repo.maven.apache.org/maven2/org/springframework/spring-web/5.2.11.RELEASE/spring-web-5.2.11.RELEASE.pom
2020-12-01 11:35:07,980 [Worker-2: Importing Maven projects] INFO  o.e.m.c.i.e.AbstractTransferListenerAdapter - Downloading https://repo.maven.apache.org/maven2/org/springframework/boot/spring-boot-starter-tomcat/2.3.6.RELEASE/spring-boot-starter-tomcat-2.3.6.RELEASE.pom
2020-12-01 11:35:08,134 [Worker-2: Importing Maven projects] INFO  o.e.m.c.i.e.AbstractTransferListenerAdapter - Downloaded https://repo.maven.apache.org/maven2/org/springframework/boot/spring-boot-starter-tomcat/2.3.6.RELEASE/spring-boot-starter-tomcat-2.3.6.RELEASE.pom
2020-12-01 11:35:08,291 [Worker-2: Importing Maven projects] INFO  o.e.m.c.i.e.AbstractTransferListenerAdapter - Downloading https://repo.maven.apache.org/maven2/org/springframework/spring-webmvc/5.2.11.RELEASE/spring-webmvc-5.2.11.RELEASE.pom
2020-12-01 11:35:08,424 [Worker-2: Importing Maven projects] INFO  o.e.m.c.i.e.AbstractTransferListenerAdapter - Downloaded https://repo.maven.apache.org/maven2/org/springframework/spring-webmvc/5.2.11.RELEASE/spring-webmvc-5.2.11.RELEASE.pom
2020-12-01 11:35:08,555 [Worker-2: Importing Maven projects] INFO  o.e.m.c.i.e.AbstractTransferListenerAdapter - Downloading https://repo.maven.apache.org/maven2/org/springframework/boot/spring-boot-starter-test/2.3.6.RELEASE/spring-boot-starter-test-2.3.6.RELEASE.pom
2020-12-01 11:35:08,687 [Worker-2: Importing Maven projects] INFO  o.e.m.c.i.e.AbstractTransferListenerAdapter - Downloaded https://repo.maven.apache.org/maven2/org/springframework/boot/spring-boot-starter-test/2.3.6.RELEASE/spring-boot-starter-test-2.3.6.RELEASE.pom
2020-12-01 11:35:08,821 [Worker-2: Importing Maven projects] INFO  o.e.m.c.i.e.AbstractTransferListenerAdapter - Downloading https://repo.maven.apache.org/maven2/org/springframework/boot/spring-boot-test/2.3.6.RELEASE/spring-boot-test-2.3.6.RELEASE.pom
2020-12-01 11:35:08,951 [Worker-2: Importing Maven projects] INFO  o.e.m.c.i.e.AbstractTransferListenerAdapter - Downloaded https://repo.maven.apache.org/maven2/org/springframework/boot/spring-boot-test/2.3.6.RELEASE/spring-boot-test-2.3.6.RELEASE.pom
2020-12-01 11:35:09,083 [Worker-2: Importing Maven projects] INFO  o.e.m.c.i.e.AbstractTransferListenerAdapter - Downloading https://repo.maven.apache.org/maven2/org/springframework/boot/spring-boot-test-autoconfigure/2.3.6.RELEASE/spring-boot-test-autoconfigure-2.3.6.RELEASE.pom
2020-12-01 11:35:09,212 [Worker-2: Importing Maven projects] INFO  o.e.m.c.i.e.AbstractTransferListenerAdapter - Downloaded https://repo.maven.apache.org/maven2/org/springframework/boot/spring-boot-test-autoconfigure/2.3.6.RELEASE/spring-boot-test-autoconfigure-2.3.6.RELEASE.pom
2020-12-01 11:35:09,388 [Worker-2: Importing Maven projects] INFO  o.e.m.c.i.e.AbstractTransferListenerAdapter - Downloading https://repo.maven.apache.org/maven2/org/junit/jupiter/junit-jupiter/5.6.3/junit-jupiter-5.6.3.pom
2020-12-01 11:35:09,521 [Worker-2: Importing Maven projects] INFO  o.e.m.c.i.e.AbstractTransferListenerAdapter - Downloaded https://repo.maven.apache.org/maven2/org/junit/jupiter/junit-jupiter/5.6.3/junit-jupiter-5.6.3.pom
2020-12-01 11:35:09,655 [Worker-2: Importing Maven projects] INFO  o.e.m.c.i.e.AbstractTransferListenerAdapter - Downloading https://repo.maven.apache.org/maven2/org/junit/jupiter/junit-jupiter-api/5.6.3/junit-jupiter-api-5.6.3.pom
2020-12-01 11:35:09,783 [Worker-2: Importing Maven projects] INFO  o.e.m.c.i.e.AbstractTransferListenerAdapter - Downloaded https://repo.maven.apache.org/maven2/org/junit/jupiter/junit-jupiter-api/5.6.3/junit-jupiter-api-5.6.3.pom
2020-12-01 11:35:09,917 [Worker-2: Importing Maven projects] INFO  o.e.m.c.i.e.AbstractTransferListenerAdapter - Downloading https://repo.maven.apache.org/maven2/org/junit/platform/junit-platform-commons/1.6.3/junit-platform-commons-1.6.3.pom
2020-12-01 11:35:10,048 [Worker-2: Importing Maven projects] INFO  o.e.m.c.i.e.AbstractTransferListenerAdapter - Downloaded https://repo.maven.apache.org/maven2/org/junit/platform/junit-platform-commons/1.6.3/junit-platform-commons-1.6.3.pom
2020-12-01 11:35:10,179 [Worker-2: Importing Maven projects] INFO  o.e.m.c.i.e.AbstractTransferListenerAdapter - Downloading https://repo.maven.apache.org/maven2/org/junit/jupiter/junit-jupiter-params/5.6.3/junit-jupiter-params-5.6.3.pom
2020-12-01 11:35:10,311 [Worker-2: Importing Maven projects] INFO  o.e.m.c.i.e.AbstractTransferListenerAdapter - Downloaded https://repo.maven.apache.org/maven2/org/junit/jupiter/junit-jupiter-params/5.6.3/junit-jupiter-params-5.6.3.pom
2020-12-01 11:35:10,443 [Worker-2: Importing Maven projects] INFO  o.e.m.c.i.e.AbstractTransferListenerAdapter - Downloading https://repo.maven.apache.org/maven2/org/junit/jupiter/junit-jupiter-engine/5.6.3/junit-jupiter-engine-5.6.3.pom
2020-12-01 11:35:10,575 [Worker-2: Importing Maven projects] INFO  o.e.m.c.i.e.AbstractTransferListenerAdapter - Downloaded https://repo.maven.apache.org/maven2/org/junit/jupiter/junit-jupiter-engine/5.6.3/junit-jupiter-engine-5.6.3.pom
2020-12-01 11:35:10,708 [Worker-2: Importing Maven projects] INFO  o.e.m.c.i.e.AbstractTransferListenerAdapter - Downloading https://repo.maven.apache.org/maven2/org/junit/platform/junit-platform-engine/1.6.3/junit-platform-engine-1.6.3.pom
2020-12-01 11:35:10,838 [Worker-2: Importing Maven projects] INFO  o.e.m.c.i.e.AbstractTransferListenerAdapter - Downloaded https://repo.maven.apache.org/maven2/org/junit/platform/junit-platform-engine/1.6.3/junit-platform-engine-1.6.3.pom
2020-12-01 11:35:11,006 [Worker-2: Importing Maven projects] INFO  o.e.m.c.i.e.AbstractTransferListenerAdapter - Downloading https://repo.maven.apache.org/maven2/org/springframework/spring-test/5.2.11.RELEASE/spring-test-5.2.11.RELEASE.pom
2020-12-01 11:35:11,144 [Worker-2: Importing Maven projects] INFO  o.e.m.c.i.e.AbstractTransferListenerAdapter - Downloaded https://repo.maven.apache.org/maven2/org/springframework/spring-test/5.2.11.RELEASE/spring-test-5.2.11.RELEASE.pom
2020-12-01 11:35:11,347 [AetherRepositoryConnector-repo.maven.apache.org-0-2] INFO  o.e.m.c.i.e.AbstractTransferListenerAdapter - Downloading https://repo.maven.apache.org/maven2/org/springframework/boot/spring-boot/2.3.6.RELEASE/spring-boot-2.3.6.RELEASE.jar
2020-12-01 11:35:11,487 [AetherRepositoryConnector-repo.maven.apache.org-0-4] INFO  o.e.m.c.i.e.AbstractTransferListenerAdapter - Downloading https://repo.maven.apache.org/maven2/org/springframework/boot/spring-boot-starter-logging/2.3.6.RELEASE/spring-boot-starter-logging-2.3.6.RELEASE.jar
2020-12-01 11:35:11,488 [AetherRepositoryConnector-repo.maven.apache.org-0-1] INFO  o.e.m.c.i.e.AbstractTransferListenerAdapter - Downloading https://repo.maven.apache.org/maven2/org/springframework/boot/spring-boot-starter/2.3.6.RELEASE/spring-boot-starter-2.3.6.RELEASE.jar
2020-12-01 11:35:11,508 [AetherRepositoryConnector-repo.maven.apache.org-0-0] INFO  o.e.m.c.i.e.AbstractTransferListenerAdapter - Downloading https://repo.maven.apache.org/maven2/org/springframework/boot/spring-boot-starter-web/2.3.6.RELEASE/spring-boot-starter-web-2.3.6.RELEASE.jar
2020-12-01 11:35:11,532 [AetherRepositoryConnector-repo.maven.apache.org-0-3] INFO  o.e.m.c.i.e.AbstractTransferListenerAdapter - Downloading https://repo.maven.apache.org/maven2/org/springframework/boot/spring-boot-autoconfigure/2.3.6.RELEASE/spring-boot-autoconfigure-2.3.6.RELEASE.jar
2020-12-01 11:35:11,784 [AetherRepositoryConnector-repo.maven.apache.org-0-4] INFO  o.e.m.c.i.e.AbstractTransferListenerAdapter - Downloaded https://repo.maven.apache.org/maven2/org/springframework/boot/spring-boot-starter-logging/2.3.6.RELEASE/spring-boot-starter-logging-2.3.6.RELEASE.jar
2020-12-01 11:35:11,903 [AetherRepositoryConnector-repo.maven.apache.org-0-1] INFO  o.e.m.c.i.e.AbstractTransferListenerAdapter - Downloaded https://repo.maven.apache.org/maven2/org/springframework/boot/spring-boot-starter/2.3.6.RELEASE/spring-boot-starter-2.3.6.RELEASE.jar
2020-12-01 11:35:11,924 [AetherRepositoryConnector-repo.maven.apache.org-0-0] INFO  o.e.m.c.i.e.AbstractTransferListenerAdapter - Downloaded https://repo.maven.apache.org/maven2/org/springframework/boot/spring-boot-starter-web/2.3.6.RELEASE/spring-boot-starter-web-2.3.6.RELEASE.jar
2020-12-01 11:35:12,259 [AetherRepositoryConnector-repo.maven.apache.org-0-4] INFO  o.e.m.c.i.e.AbstractTransferListenerAdapter - Downloading https://repo.maven.apache.org/maven2/org/springframework/boot/spring-boot-starter-json/2.3.6.RELEASE/spring-boot-starter-json-2.3.6.RELEASE.jar
2020-12-01 11:35:12,381 [AetherRepositoryConnector-repo.maven.apache.org-0-1] INFO  o.e.m.c.i.e.AbstractTransferListenerAdapter - Downloading https://repo.maven.apache.org/maven2/org/springframework/boot/spring-boot-starter-tomcat/2.3.6.RELEASE/spring-boot-starter-tomcat-2.3.6.RELEASE.jar
2020-12-01 11:35:12,401 [AetherRepositoryConnector-repo.maven.apache.org-0-0] INFO  o.e.m.c.i.e.AbstractTransferListenerAdapter - Downloading https://repo.maven.apache.org/maven2/org/springframework/spring-web/5.2.11.RELEASE/spring-web-5.2.11.RELEASE.jar
2020-12-01 11:35:12,743 [AetherRepositoryConnector-repo.maven.apache.org-0-4] INFO  o.e.m.c.i.e.AbstractTransferListenerAdapter - Downloaded https://repo.maven.apache.org/maven2/org/springframework/boot/spring-boot-starter-json/2.3.6.RELEASE/spring-boot-starter-json-2.3.6.RELEASE.jar
2020-12-01 11:35:12,784 [AetherRepositoryConnector-repo.maven.apache.org-0-2] INFO  o.e.m.c.i.e.AbstractTransferListenerAdapter - Downloaded https://repo.maven.apache.org/maven2/org/springframework/boot/spring-boot/2.3.6.RELEASE/spring-boot-2.3.6.RELEASE.jar
2020-12-01 11:35:12,867 [AetherRepositoryConnector-repo.maven.apache.org-0-1] INFO  o.e.m.c.i.e.AbstractTransferListenerAdapter - Downloaded https://repo.maven.apache.org/maven2/org/springframework/boot/spring-boot-starter-tomcat/2.3.6.RELEASE/spring-boot-starter-tomcat-2.3.6.RELEASE.jar
2020-12-01 11:35:13,195 [AetherRepositoryConnector-repo.maven.apache.org-0-4] INFO  o.e.m.c.i.e.AbstractTransferListenerAdapter - Downloading https://repo.maven.apache.org/maven2/org/springframework/spring-beans/5.2.11.RELEASE/spring-beans-5.2.11.RELEASE.jar
2020-12-01 11:35:13,261 [AetherRepositoryConnector-repo.maven.apache.org-0-2] INFO  o.e.m.c.i.e.AbstractTransferListenerAdapter - Downloading https://repo.maven.apache.org/maven2/org/springframework/spring-webmvc/5.2.11.RELEASE/spring-webmvc-5.2.11.RELEASE.jar
2020-12-01 11:35:13,283 [AetherRepositoryConnector-repo.maven.apache.org-0-1] INFO  o.e.m.c.i.e.AbstractTransferListenerAdapter - Downloading https://repo.maven.apache.org/maven2/org/springframework/spring-aop/5.2.11.RELEASE/spring-aop-5.2.11.RELEASE.jar
2020-12-01 11:35:13,394 [AetherRepositoryConnector-repo.maven.apache.org-0-3] INFO  o.e.m.c.i.e.AbstractTransferListenerAdapter - Downloaded https://repo.maven.apache.org/maven2/org/springframework/boot/spring-boot-autoconfigure/2.3.6.RELEASE/spring-boot-autoconfigure-2.3.6.RELEASE.jar
2020-12-01 11:35:13,862 [AetherRepositoryConnector-repo.maven.apache.org-0-3] INFO  o.e.m.c.i.e.AbstractTransferListenerAdapter - Downloading https://repo.maven.apache.org/maven2/org/springframework/spring-context/5.2.11.RELEASE/spring-context-5.2.11.RELEASE.jar
2020-12-01 11:35:14,182 [AetherRepositoryConnector-repo.maven.apache.org-0-0] INFO  o.e.m.c.i.e.AbstractTransferListenerAdapter - Downloaded https://repo.maven.apache.org/maven2/org/springframework/spring-web/5.2.11.RELEASE/spring-web-5.2.11.RELEASE.jar
2020-12-01 11:35:14,394 [AetherRepositoryConnector-repo.maven.apache.org-0-1] INFO  o.e.m.c.i.e.AbstractTransferListenerAdapter - Downloaded https://repo.maven.apache.org/maven2/org/springframework/spring-aop/5.2.11.RELEASE/spring-aop-5.2.11.RELEASE.jar
2020-12-01 11:35:14,628 [AetherRepositoryConnector-repo.maven.apache.org-0-0] INFO  o.e.m.c.i.e.AbstractTransferListenerAdapter - Downloading https://repo.maven.apache.org/maven2/org/springframework/spring-expression/5.2.11.RELEASE/spring-expression-5.2.11.RELEASE.jar
2020-12-01 11:35:14,756 [AetherRepositoryConnector-repo.maven.apache.org-0-4] INFO  o.e.m.c.i.e.AbstractTransferListenerAdapter - Downloaded https://repo.maven.apache.org/maven2/org/springframework/spring-beans/5.2.11.RELEASE/spring-beans-5.2.11.RELEASE.jar
2020-12-01 11:35:14,870 [AetherRepositoryConnector-repo.maven.apache.org-0-1] INFO  o.e.m.c.i.e.AbstractTransferListenerAdapter - Downloading https://repo.maven.apache.org/maven2/org/springframework/boot/spring-boot-starter-test/2.3.6.RELEASE/spring-boot-starter-test-2.3.6.RELEASE.jar
2020-12-01 11:35:15,024 [AetherRepositoryConnector-repo.maven.apache.org-0-4] INFO  o.e.m.c.i.e.AbstractTransferListenerAdapter - Downloading https://repo.maven.apache.org/maven2/org/springframework/boot/spring-boot-test/2.3.6.RELEASE/spring-boot-test-2.3.6.RELEASE.jar
2020-12-01 11:35:15,038 [AetherRepositoryConnector-repo.maven.apache.org-0-2] INFO  o.e.m.c.i.e.AbstractTransferListenerAdapter - Downloaded https://repo.maven.apache.org/maven2/org/springframework/spring-webmvc/5.2.11.RELEASE/spring-webmvc-5.2.11.RELEASE.jar
2020-12-01 11:35:15,127 [AetherRepositoryConnector-repo.maven.apache.org-0-0] INFO  o.e.m.c.i.e.AbstractTransferListenerAdapter - Downloaded https://repo.maven.apache.org/maven2/org/springframework/spring-expression/5.2.11.RELEASE/spring-expression-5.2.11.RELEASE.jar
2020-12-01 11:35:15,127 [AetherRepositoryConnector-repo.maven.apache.org-0-1] INFO  o.e.m.c.i.e.AbstractTransferListenerAdapter - Downloaded https://repo.maven.apache.org/maven2/org/springframework/boot/spring-boot-starter-test/2.3.6.RELEASE/spring-boot-starter-test-2.3.6.RELEASE.jar
2020-12-01 11:35:15,161 [AetherRepositoryConnector-repo.maven.apache.org-0-3] INFO  o.e.m.c.i.e.AbstractTransferListenerAdapter - Downloaded https://repo.maven.apache.org/maven2/org/springframework/spring-context/5.2.11.RELEASE/spring-context-5.2.11.RELEASE.jar
2020-12-01 11:35:15,167 [AetherRepositoryConnector-repo.maven.apache.org-0-2] INFO  o.e.m.c.i.e.AbstractTransferListenerAdapter - Downloading https://repo.maven.apache.org/maven2/org/springframework/boot/spring-boot-test-autoconfigure/2.3.6.RELEASE/spring-boot-test-autoconfigure-2.3.6.RELEASE.jar
2020-12-01 11:35:15,288 [AetherRepositoryConnector-repo.maven.apache.org-0-1] INFO  o.e.m.c.i.e.AbstractTransferListenerAdapter - Downloading https://repo.maven.apache.org/maven2/org/junit/jupiter/junit-jupiter-api/5.6.3/junit-jupiter-api-5.6.3.jar
2020-12-01 11:35:15,288 [AetherRepositoryConnector-repo.maven.apache.org-0-0] INFO  o.e.m.c.i.e.AbstractTransferListenerAdapter - Downloading https://repo.maven.apache.org/maven2/org/junit/jupiter/junit-jupiter/5.6.3/junit-jupiter-5.6.3.jar
2020-12-01 11:35:15,292 [AetherRepositoryConnector-repo.maven.apache.org-0-4] INFO  o.e.m.c.i.e.AbstractTransferListenerAdapter - Downloaded https://repo.maven.apache.org/maven2/org/springframework/boot/spring-boot-test/2.3.6.RELEASE/spring-boot-test-2.3.6.RELEASE.jar
2020-12-01 11:35:15,325 [AetherRepositoryConnector-repo.maven.apache.org-0-3] INFO  o.e.m.c.i.e.AbstractTransferListenerAdapter - Downloading https://repo.maven.apache.org/maven2/org/junit/platform/junit-platform-commons/1.6.3/junit-platform-commons-1.6.3.jar
2020-12-01 11:35:15,410 [AetherRepositoryConnector-repo.maven.apache.org-0-2] INFO  o.e.m.c.i.e.AbstractTransferListenerAdapter - Downloaded https://repo.maven.apache.org/maven2/org/springframework/boot/spring-boot-test-autoconfigure/2.3.6.RELEASE/spring-boot-test-autoconfigure-2.3.6.RELEASE.jar
2020-12-01 11:35:15,418 [AetherRepositoryConnector-repo.maven.apache.org-0-0] INFO  o.e.m.c.i.e.AbstractTransferListenerAdapter - Downloaded https://repo.maven.apache.org/maven2/org/junit/jupiter/junit-jupiter/5.6.3/junit-jupiter-5.6.3.jar
2020-12-01 11:35:15,421 [AetherRepositoryConnector-repo.maven.apache.org-0-4] INFO  o.e.m.c.i.e.AbstractTransferListenerAdapter - Downloading https://repo.maven.apache.org/maven2/org/junit/jupiter/junit-jupiter-params/5.6.3/junit-jupiter-params-5.6.3.jar
2020-12-01 11:35:15,679 [AetherRepositoryConnector-repo.maven.apache.org-0-1] INFO  o.e.m.c.i.e.AbstractTransferListenerAdapter - Downloaded https://repo.maven.apache.org/maven2/org/junit/jupiter/junit-jupiter-api/5.6.3/junit-jupiter-api-5.6.3.jar
2020-12-01 11:35:15,679 [AetherRepositoryConnector-repo.maven.apache.org-0-3] INFO  o.e.m.c.i.e.AbstractTransferListenerAdapter - Downloaded https://repo.maven.apache.org/maven2/org/junit/platform/junit-platform-commons/1.6.3/junit-platform-commons-1.6.3.jar
2020-12-01 11:35:15,682 [AetherRepositoryConnector-repo.maven.apache.org-0-2] INFO  o.e.m.c.i.e.AbstractTransferListenerAdapter - Downloading https://repo.maven.apache.org/maven2/org/junit/jupiter/junit-jupiter-engine/5.6.3/junit-jupiter-engine-5.6.3.jar
2020-12-01 11:35:15,791 [AetherRepositoryConnector-repo.maven.apache.org-0-0] INFO  o.e.m.c.i.e.AbstractTransferListenerAdapter - Downloading https://repo.maven.apache.org/maven2/org/junit/platform/junit-platform-engine/1.6.3/junit-platform-engine-1.6.3.jar
2020-12-01 11:35:15,839 [AetherRepositoryConnector-repo.maven.apache.org-0-1] INFO  o.e.m.c.i.e.AbstractTransferListenerAdapter - Downloading https://repo.maven.apache.org/maven2/org/springframework/spring-core/5.2.11.RELEASE/spring-core-5.2.11.RELEASE.jar
2020-12-01 11:35:16,137 [AetherRepositoryConnector-repo.maven.apache.org-0-3] INFO  o.e.m.c.i.e.AbstractTransferListenerAdapter - Downloading https://repo.maven.apache.org/maven2/org/springframework/spring-jcl/5.2.11.RELEASE/spring-jcl-5.2.11.RELEASE.jar
2020-12-01 11:35:16,138 [AetherRepositoryConnector-repo.maven.apache.org-0-4] INFO  o.e.m.c.i.e.AbstractTransferListenerAdapter - Downloaded https://repo.maven.apache.org/maven2/org/junit/jupiter/junit-jupiter-params/5.6.3/junit-jupiter-params-5.6.3.jar
2020-12-01 11:35:16,298 [AetherRepositoryConnector-repo.maven.apache.org-0-2] INFO  o.e.m.c.i.e.AbstractTransferListenerAdapter - Downloaded https://repo.maven.apache.org/maven2/org/junit/jupiter/junit-jupiter-engine/5.6.3/junit-jupiter-engine-5.6.3.jar
2020-12-01 11:35:16,413 [AetherRepositoryConnector-repo.maven.apache.org-0-0] INFO  o.e.m.c.i.e.AbstractTransferListenerAdapter - Downloaded https://repo.maven.apache.org/maven2/org/junit/platform/junit-platform-engine/1.6.3/junit-platform-engine-1.6.3.jar
2020-12-01 11:35:16,639 [AetherRepositoryConnector-repo.maven.apache.org-0-4] INFO  o.e.m.c.i.e.AbstractTransferListenerAdapter - Downloading https://repo.maven.apache.org/maven2/org/springframework/spring-test/5.2.11.RELEASE/spring-test-5.2.11.RELEASE.jar
2020-12-01 11:35:16,661 [AetherRepositoryConnector-repo.maven.apache.org-0-3] INFO  o.e.m.c.i.e.AbstractTransferListenerAdapter - Downloaded https://repo.maven.apache.org/maven2/org/springframework/spring-jcl/5.2.11.RELEASE/spring-jcl-5.2.11.RELEASE.jar
2020-12-01 11:35:16,931 [AetherRepositoryConnector-repo.maven.apache.org-0-1] INFO  o.e.m.c.i.e.AbstractTransferListenerAdapter - Downloaded https://repo.maven.apache.org/maven2/org/springframework/spring-core/5.2.11.RELEASE/spring-core-5.2.11.RELEASE.jar
2020-12-01 11:35:17,059 [AetherRepositoryConnector-repo.maven.apache.org-0-4] INFO  o.e.m.c.i.e.AbstractTransferListenerAdapter - Downloaded https://repo.maven.apache.org/maven2/org/springframework/spring-test/5.2.11.RELEASE/spring-test-5.2.11.RELEASE.jar
2020-12-01 11:35:19,922 [Worker-2: Importing Maven projects] INFO  o.e.m.j.i.AbstractJavaProjectConfigurator - Adding source folder /backend/src/main/java
2020-12-01 11:35:19,923 [Worker-2: Importing Maven projects] INFO  o.e.m.j.i.AbstractJavaProjectConfigurator - Adding resource folder /backend/src/main/resources
2020-12-01 11:35:19,927 [Worker-2: Importing Maven projects] INFO  o.e.m.j.i.AbstractJavaProjectConfigurator - Adding resource folder /backend/src/main/resources
2020-12-01 11:35:19,940 [Worker-2: Importing Maven projects] INFO  o.e.m.j.i.AbstractJavaProjectConfigurator - Adding source folder /backend/src/test/java
2020-12-01 11:35:21,527 [Worker-2: Importing Maven projects] INFO  o.e.m.c.i.p.ProjectConfigurationManager - Imported and configured 1 project(s) in 24 sec
2020-12-01 11:35:22,118 [Worker-0: Download sources and javadoc] INFO  o.e.m.c.i.e.AbstractTransferListenerAdapter - Downloading https://repo.maven.apache.org/maven2/org/springframework/boot/spring-boot-starter-web/2.3.6.RELEASE/spring-boot-starter-web-2.3.6.RELEASE-sources.jar
2020-12-01 11:35:22,251 [Worker-0: Download sources and javadoc] INFO  o.e.m.c.i.e.AbstractTransferListenerAdapter - Downloaded https://repo.maven.apache.org/maven2/org/springframework/boot/spring-boot-starter-web/2.3.6.RELEASE/spring-boot-starter-web-2.3.6.RELEASE-sources.jar
2020-12-01 11:35:22,430 [Worker-0: Download sources and javadoc] INFO  o.e.m.j.internal.DownloadSourcesJob - Downloaded sources for org.springframework.boot:spring-boot-starter-web:2.3.6.RELEASE
2020-12-01 11:35:22,804 [Worker-3: Building] INFO  o.e.m.c.i.embedder.EclipseLogger - Using 'UTF-8' encoding to copy filtered resources.
2020-12-01 11:35:22,812 [Worker-3: Building] INFO  o.e.m.c.i.embedder.EclipseLogger - Copying 1 resource
2020-12-01 11:35:22,831 [Worker-3: Building] INFO  o.e.m.c.i.embedder.EclipseLogger - Copying 0 resource
2020-12-01 11:35:22,836 [Worker-3: Building] INFO  o.e.m.c.i.embedder.EclipseLogger - Using 'UTF-8' encoding to copy filtered resources.
2020-12-01 11:35:22,836 [Worker-3: Building] INFO  o.e.m.c.i.embedder.EclipseLogger - skip non existing resourceDirectory D:\Projetos BootCamp\Atividade1\backend\src\test\resources
2020-12-01 11:35:23,124 [Worker-0: Download sources and javadoc] INFO  o.e.m.c.i.e.AbstractTransferListenerAdapter - Downloading https://repo.maven.apache.org/maven2/org/springframework/boot/spring-boot-starter/2.3.6.RELEASE/spring-boot-starter-2.3.6.RELEASE-sources.jar
2020-12-01 11:35:23,418 [Worker-0: Download sources and javadoc] INFO  o.e.m.c.i.e.AbstractTransferListenerAdapter - Downloaded https://repo.maven.apache.org/maven2/org/springframework/boot/spring-boot-starter/2.3.6.RELEASE/spring-boot-starter-2.3.6.RELEASE-sources.jar
2020-12-01 11:35:23,473 [Worker-0: Download sources and javadoc] INFO  o.e.m.j.internal.DownloadSourcesJob - Downloaded sources for org.springframework.boot:spring-boot-starter:2.3.6.RELEASE
2020-12-01 11:35:24,027 [Worker-0: Download sources and javadoc] INFO  o.e.m.c.i.e.AbstractTransferListenerAdapter - Downloading https://repo.maven.apache.org/maven2/org/springframework/boot/spring-boot/2.3.6.RELEASE/spring-boot-2.3.6.RELEASE-sources.jar
2020-12-01 11:35:25,000 [Worker-0: Download sources and javadoc] INFO  o.e.m.c.i.e.AbstractTransferListenerAdapter - Downloaded https://repo.maven.apache.org/maven2/org/springframework/boot/spring-boot/2.3.6.RELEASE/spring-boot-2.3.6.RELEASE-sources.jar
2020-12-01 11:35:25,073 [Worker-0: Download sources and javadoc] INFO  o.e.m.j.internal.DownloadSourcesJob - Downloaded sources for org.springframework.boot:spring-boot:2.3.6.RELEASE
2020-12-01 11:35:25,653 [Worker-0: Download sources and javadoc] INFO  o.e.m.c.i.e.AbstractTransferListenerAdapter - Downloading https://repo.maven.apache.org/maven2/org/springframework/boot/spring-boot-autoconfigure/2.3.6.RELEASE/spring-boot-autoconfigure-2.3.6.RELEASE-sources.jar
2020-12-01 11:35:26,423 [Worker-0: Download sources and javadoc] INFO  o.e.m.c.i.e.AbstractTransferListenerAdapter - Downloaded https://repo.maven.apache.org/maven2/org/springframework/boot/spring-boot-autoconfigure/2.3.6.RELEASE/spring-boot-autoconfigure-2.3.6.RELEASE-sources.jar
2020-12-01 11:35:26,514 [Worker-0: Download sources and javadoc] INFO  o.e.m.j.internal.DownloadSourcesJob - Downloaded sources for org.springframework.boot:spring-boot-autoconfigure:2.3.6.RELEASE
2020-12-01 11:35:27,381 [Worker-0: Download sources and javadoc] INFO  o.e.m.c.i.e.AbstractTransferListenerAdapter - Downloading https://repo.maven.apache.org/maven2/org/springframework/boot/spring-boot-starter-logging/2.3.6.RELEASE/spring-boot-starter-logging-2.3.6.RELEASE-sources.jar
2020-12-01 11:35:27,674 [Worker-0: Download sources and javadoc] INFO  o.e.m.c.i.e.AbstractTransferListenerAdapter - Downloaded https://repo.maven.apache.org/maven2/org/springframework/boot/spring-boot-starter-logging/2.3.6.RELEASE/spring-boot-starter-logging-2.3.6.RELEASE-sources.jar
2020-12-01 11:35:27,739 [Worker-0: Download sources and javadoc] INFO  o.e.m.j.internal.DownloadSourcesJob - Downloaded sources for org.springframework.boot:spring-boot-starter-logging:2.3.6.RELEASE
2020-12-01 11:35:28,329 [Worker-0: Download sources and javadoc] INFO  o.e.m.c.i.e.AbstractTransferListenerAdapter - Downloading https://repo.maven.apache.org/maven2/org/springframework/boot/spring-boot-starter-json/2.3.6.RELEASE/spring-boot-starter-json-2.3.6.RELEASE-sources.jar
2020-12-01 11:35:28,456 [Worker-0: Download sources and javadoc] INFO  o.e.m.c.i.e.AbstractTransferListenerAdapter - Downloaded https://repo.maven.apache.org/maven2/org/springframework/boot/spring-boot-starter-json/2.3.6.RELEASE/spring-boot-starter-json-2.3.6.RELEASE-sources.jar
2020-12-01 11:35:28,518 [Worker-0: Download sources and javadoc] INFO  o.e.m.j.internal.DownloadSourcesJob - Downloaded sources for org.springframework.boot:spring-boot-starter-json:2.3.6.RELEASE
2020-12-01 11:35:29,070 [Worker-0: Download sources and javadoc] INFO  o.e.m.c.i.e.AbstractTransferListenerAdapter - Downloading https://repo.maven.apache.org/maven2/org/springframework/boot/spring-boot-starter-tomcat/2.3.6.RELEASE/spring-boot-starter-tomcat-2.3.6.RELEASE-sources.jar
2020-12-01 11:35:29,370 [Worker-0: Download sources and javadoc] INFO  o.e.m.c.i.e.AbstractTransferListenerAdapter - Downloaded https://repo.maven.apache.org/maven2/org/springframework/boot/spring-boot-starter-tomcat/2.3.6.RELEASE/spring-boot-starter-tomcat-2.3.6.RELEASE-sources.jar
2020-12-01 11:35:29,440 [Worker-0: Download sources and javadoc] INFO  o.e.m.j.internal.DownloadSourcesJob - Downloaded sources for org.springframework.boot:spring-boot-starter-tomcat:2.3.6.RELEASE
2020-12-01 11:35:29,991 [Worker-0: Download sources and javadoc] INFO  o.e.m.c.i.e.AbstractTransferListenerAdapter - Downloading https://repo.maven.apache.org/maven2/org/springframework/spring-web/5.2.11.RELEASE/spring-web-5.2.11.RELEASE-sources.jar
2020-12-01 11:35:30,971 [Worker-0: Download sources and javadoc] INFO  o.e.m.c.i.e.AbstractTransferListenerAdapter - Downloaded https://repo.maven.apache.org/maven2/org/springframework/spring-web/5.2.11.RELEASE/spring-web-5.2.11.RELEASE-sources.jar
2020-12-01 11:35:31,074 [Worker-0: Download sources and javadoc] INFO  o.e.m.j.internal.DownloadSourcesJob - Downloaded sources for org.springframework:spring-web:5.2.11.RELEASE
2020-12-01 11:35:31,727 [Worker-0: Download sources and javadoc] INFO  o.e.m.c.i.e.AbstractTransferListenerAdapter - Downloading https://repo.maven.apache.org/maven2/org/springframework/spring-beans/5.2.11.RELEASE/spring-beans-5.2.11.RELEASE-sources.jar
2020-12-01 11:35:34,218 [Worker-0: Download sources and javadoc] INFO  o.e.m.c.i.e.AbstractTransferListenerAdapter - Downloaded https://repo.maven.apache.org/maven2/org/springframework/spring-beans/5.2.11.RELEASE/spring-beans-5.2.11.RELEASE-sources.jar
2020-12-01 11:35:34,286 [Worker-0: Download sources and javadoc] INFO  o.e.m.j.internal.DownloadSourcesJob - Downloaded sources for org.springframework:spring-beans:5.2.11.RELEASE
2020-12-01 11:35:34,838 [Worker-0: Download sources and javadoc] INFO  o.e.m.c.i.e.AbstractTransferListenerAdapter - Downloading https://repo.maven.apache.org/maven2/org/springframework/spring-webmvc/5.2.11.RELEASE/spring-webmvc-5.2.11.RELEASE-sources.jar
2020-12-01 11:35:35,598 [Worker-0: Download sources and javadoc] INFO  o.e.m.c.i.e.AbstractTransferListenerAdapter - Downloaded https://repo.maven.apache.org/maven2/org/springframework/spring-webmvc/5.2.11.RELEASE/spring-webmvc-5.2.11.RELEASE-sources.jar
2020-12-01 11:35:35,662 [Worker-0: Download sources and javadoc] INFO  o.e.m.j.internal.DownloadSourcesJob - Downloaded sources for org.springframework:spring-webmvc:5.2.11.RELEASE
2020-12-01 11:35:36,220 [Worker-0: Download sources and javadoc] INFO  o.e.m.c.i.e.AbstractTransferListenerAdapter - Downloading https://repo.maven.apache.org/maven2/org/springframework/spring-aop/5.2.11.RELEASE/spring-aop-5.2.11.RELEASE-sources.jar
2020-12-01 11:35:36,754 [Worker-0: Download sources and javadoc] INFO  o.e.m.c.i.e.AbstractTransferListenerAdapter - Downloaded https://repo.maven.apache.org/maven2/org/springframework/spring-aop/5.2.11.RELEASE/spring-aop-5.2.11.RELEASE-sources.jar
2020-12-01 11:35:36,852 [Worker-0: Download sources and javadoc] INFO  o.e.m.j.internal.DownloadSourcesJob - Downloaded sources for org.springframework:spring-aop:5.2.11.RELEASE
2020-12-01 11:35:37,408 [Worker-0: Download sources and javadoc] INFO  o.e.m.c.i.e.AbstractTransferListenerAdapter - Downloading https://repo.maven.apache.org/maven2/org/springframework/spring-context/5.2.11.RELEASE/spring-context-5.2.11.RELEASE-sources.jar
2020-12-01 11:35:39,455 [Worker-0: Download sources and javadoc] INFO  o.e.m.c.i.e.AbstractTransferListenerAdapter - Downloaded https://repo.maven.apache.org/maven2/org/springframework/spring-context/5.2.11.RELEASE/spring-context-5.2.11.RELEASE-sources.jar
2020-12-01 11:35:39,541 [Worker-0: Download sources and javadoc] INFO  o.e.m.j.internal.DownloadSourcesJob - Downloaded sources for org.springframework:spring-context:5.2.11.RELEASE
2020-12-01 11:35:40,099 [Worker-0: Download sources and javadoc] INFO  o.e.m.c.i.e.AbstractTransferListenerAdapter - Downloading https://repo.maven.apache.org/maven2/org/springframework/spring-expression/5.2.11.RELEASE/spring-expression-5.2.11.RELEASE-sources.jar
2020-12-01 11:35:40,531 [Worker-0: Download sources and javadoc] INFO  o.e.m.c.i.e.AbstractTransferListenerAdapter - Downloaded https://repo.maven.apache.org/maven2/org/springframework/spring-expression/5.2.11.RELEASE/spring-expression-5.2.11.RELEASE-sources.jar
2020-12-01 11:35:40,597 [Worker-0: Download sources and javadoc] INFO  o.e.m.j.internal.DownloadSourcesJob - Downloaded sources for org.springframework:spring-expression:5.2.11.RELEASE
2020-12-01 11:35:41,152 [Worker-0: Download sources and javadoc] INFO  o.e.m.c.i.e.AbstractTransferListenerAdapter - Downloading https://repo.maven.apache.org/maven2/org/springframework/boot/spring-boot-starter-test/2.3.6.RELEASE/spring-boot-starter-test-2.3.6.RELEASE-sources.jar
2020-12-01 11:35:41,443 [Worker-0: Download sources and javadoc] INFO  o.e.m.c.i.e.AbstractTransferListenerAdapter - Downloaded https://repo.maven.apache.org/maven2/org/springframework/boot/spring-boot-starter-test/2.3.6.RELEASE/spring-boot-starter-test-2.3.6.RELEASE-sources.jar
2020-12-01 11:35:41,519 [Worker-0: Download sources and javadoc] INFO  o.e.m.j.internal.DownloadSourcesJob - Downloaded sources for org.springframework.boot:spring-boot-starter-test:2.3.6.RELEASE
2020-12-01 11:35:42,072 [Worker-0: Download sources and javadoc] INFO  o.e.m.c.i.e.AbstractTransferListenerAdapter - Downloading https://repo.maven.apache.org/maven2/org/springframework/boot/spring-boot-test/2.3.6.RELEASE/spring-boot-test-2.3.6.RELEASE-sources.jar
2020-12-01 11:35:42,473 [Worker-0: Download sources and javadoc] INFO  o.e.m.c.i.e.AbstractTransferListenerAdapter - Downloaded https://repo.maven.apache.org/maven2/org/springframework/boot/spring-boot-test/2.3.6.RELEASE/spring-boot-test-2.3.6.RELEASE-sources.jar
2020-12-01 11:35:42,542 [Worker-0: Download sources and javadoc] INFO  o.e.m.j.internal.DownloadSourcesJob - Downloaded sources for org.springframework.boot:spring-boot-test:2.3.6.RELEASE
2020-12-01 11:35:43,102 [Worker-0: Download sources and javadoc] INFO  o.e.m.c.i.e.AbstractTransferListenerAdapter - Downloading https://repo.maven.apache.org/maven2/org/springframework/boot/spring-boot-test-autoconfigure/2.3.6.RELEASE/spring-boot-test-autoconfigure-2.3.6.RELEASE-sources.jar
2020-12-01 11:35:43,512 [Worker-0: Download sources and javadoc] INFO  o.e.m.c.i.e.AbstractTransferListenerAdapter - Downloaded https://repo.maven.apache.org/maven2/org/springframework/boot/spring-boot-test-autoconfigure/2.3.6.RELEASE/spring-boot-test-autoconfigure-2.3.6.RELEASE-sources.jar
2020-12-01 11:35:43,586 [Worker-0: Download sources and javadoc] INFO  o.e.m.j.internal.DownloadSourcesJob - Downloaded sources for org.springframework.boot:spring-boot-test-autoconfigure:2.3.6.RELEASE
2020-12-01 11:35:44,134 [Worker-0: Download sources and javadoc] INFO  o.e.m.c.i.e.AbstractTransferListenerAdapter - Downloading https://repo.maven.apache.org/maven2/org/junit/jupiter/junit-jupiter/5.6.3/junit-jupiter-5.6.3-sources.jar
2020-12-01 11:35:44,425 [Worker-0: Download sources and javadoc] INFO  o.e.m.c.i.e.AbstractTransferListenerAdapter - Downloaded https://repo.maven.apache.org/maven2/org/junit/jupiter/junit-jupiter/5.6.3/junit-jupiter-5.6.3-sources.jar
2020-12-01 11:35:44,496 [Worker-0: Download sources and javadoc] INFO  o.e.m.j.internal.DownloadSourcesJob - Downloaded sources for org.junit.jupiter:junit-jupiter:5.6.3
2020-12-01 11:35:45,051 [Worker-0: Download sources and javadoc] INFO  o.e.m.c.i.e.AbstractTransferListenerAdapter - Downloading https://repo.maven.apache.org/maven2/org/junit/jupiter/junit-jupiter-api/5.6.3/junit-jupiter-api-5.6.3-sources.jar
2020-12-01 11:35:45,454 [Worker-0: Download sources and javadoc] INFO  o.e.m.c.i.e.AbstractTransferListenerAdapter - Downloaded https://repo.maven.apache.org/maven2/org/junit/jupiter/junit-jupiter-api/5.6.3/junit-jupiter-api-5.6.3-sources.jar
2020-12-01 11:35:45,537 [Worker-0: Download sources and javadoc] INFO  o.e.m.j.internal.DownloadSourcesJob - Downloaded sources for org.junit.jupiter:junit-jupiter-api:5.6.3
2020-12-01 11:35:46,081 [Worker-0: Download sources and javadoc] INFO  o.e.m.c.i.e.AbstractTransferListenerAdapter - Downloading https://repo.maven.apache.org/maven2/org/junit/platform/junit-platform-commons/1.6.3/junit-platform-commons-1.6.3-sources.jar
2020-12-01 11:35:46,351 [Worker-0: Download sources and javadoc] INFO  o.e.m.c.i.e.AbstractTransferListenerAdapter - Downloaded https://repo.maven.apache.org/maven2/org/junit/platform/junit-platform-commons/1.6.3/junit-platform-commons-1.6.3-sources.jar
2020-12-01 11:35:46,428 [Worker-0: Download sources and javadoc] INFO  o.e.m.j.internal.DownloadSourcesJob - Downloaded sources for org.junit.platform:junit-platform-commons:1.6.3
2020-12-01 11:35:46,980 [Worker-0: Download sources and javadoc] INFO  o.e.m.c.i.e.AbstractTransferListenerAdapter - Downloading https://repo.maven.apache.org/maven2/org/junit/jupiter/junit-jupiter-params/5.6.3/junit-jupiter-params-5.6.3-sources.jar
2020-12-01 11:35:47,236 [Worker-0: Download sources and javadoc] INFO  o.e.m.c.i.e.AbstractTransferListenerAdapter - Downloaded https://repo.maven.apache.org/maven2/org/junit/jupiter/junit-jupiter-params/5.6.3/junit-jupiter-params-5.6.3-sources.jar
2020-12-01 11:35:47,313 [Worker-0: Download sources and javadoc] INFO  o.e.m.j.internal.DownloadSourcesJob - Downloaded sources for org.junit.jupiter:junit-jupiter-params:5.6.3
2020-12-01 11:35:47,874 [Worker-0: Download sources and javadoc] INFO  o.e.m.c.i.e.AbstractTransferListenerAdapter - Downloading https://repo.maven.apache.org/maven2/org/junit/jupiter/junit-jupiter-engine/5.6.3/junit-jupiter-engine-5.6.3-sources.jar
2020-12-01 11:35:48,255 [Worker-0: Download sources and javadoc] INFO  o.e.m.c.i.e.AbstractTransferListenerAdapter - Downloaded https://repo.maven.apache.org/maven2/org/junit/jupiter/junit-jupiter-engine/5.6.3/junit-jupiter-engine-5.6.3-sources.jar
2020-12-01 11:35:48,312 [Worker-0: Download sources and javadoc] INFO  o.e.m.j.internal.DownloadSourcesJob - Downloaded sources for org.junit.jupiter:junit-jupiter-engine:5.6.3
2020-12-01 11:35:48,862 [Worker-0: Download sources and javadoc] INFO  o.e.m.c.i.e.AbstractTransferListenerAdapter - Downloading https://repo.maven.apache.org/maven2/org/junit/platform/junit-platform-engine/1.6.3/junit-platform-engine-1.6.3-sources.jar
2020-12-01 11:35:49,247 [Worker-0: Download sources and javadoc] INFO  o.e.m.c.i.e.AbstractTransferListenerAdapter - Downloaded https://repo.maven.apache.org/maven2/org/junit/platform/junit-platform-engine/1.6.3/junit-platform-engine-1.6.3-sources.jar
2020-12-01 11:35:49,290 [Worker-0: Download sources and javadoc] INFO  o.e.m.j.internal.DownloadSourcesJob - Downloaded sources for org.junit.platform:junit-platform-engine:1.6.3
2020-12-01 11:35:49,841 [Worker-0: Download sources and javadoc] INFO  o.e.m.c.i.e.AbstractTransferListenerAdapter - Downloading https://repo.maven.apache.org/maven2/org/springframework/spring-core/5.2.11.RELEASE/spring-core-5.2.11.RELEASE-sources.jar
2020-12-01 11:35:50,653 [Worker-0: Download sources and javadoc] INFO  o.e.m.c.i.e.AbstractTransferListenerAdapter - Downloaded https://repo.maven.apache.org/maven2/org/springframework/spring-core/5.2.11.RELEASE/spring-core-5.2.11.RELEASE-sources.jar
2020-12-01 11:35:50,735 [Worker-0: Download sources and javadoc] INFO  o.e.m.j.internal.DownloadSourcesJob - Downloaded sources for org.springframework:spring-core:5.2.11.RELEASE
2020-12-01 11:35:51,299 [Worker-0: Download sources and javadoc] INFO  o.e.m.c.i.e.AbstractTransferListenerAdapter - Downloading https://repo.maven.apache.org/maven2/org/springframework/spring-jcl/5.2.11.RELEASE/spring-jcl-5.2.11.RELEASE-sources.jar
2020-12-01 11:35:51,588 [Worker-0: Download sources and javadoc] INFO  o.e.m.c.i.e.AbstractTransferListenerAdapter - Downloaded https://repo.maven.apache.org/maven2/org/springframework/spring-jcl/5.2.11.RELEASE/spring-jcl-5.2.11.RELEASE-sources.jar
2020-12-01 11:35:51,668 [Worker-0: Download sources and javadoc] INFO  o.e.m.j.internal.DownloadSourcesJob - Downloaded sources for org.springframework:spring-jcl:5.2.11.RELEASE
2020-12-01 11:35:52,225 [Worker-0: Download sources and javadoc] INFO  o.e.m.c.i.e.AbstractTransferListenerAdapter - Downloading https://repo.maven.apache.org/maven2/org/springframework/spring-test/5.2.11.RELEASE/spring-test-5.2.11.RELEASE-sources.jar
2020-12-01 11:35:52,913 [Worker-0: Download sources and javadoc] INFO  o.e.m.c.i.e.AbstractTransferListenerAdapter - Downloaded https://repo.maven.apache.org/maven2/org/springframework/spring-test/5.2.11.RELEASE/spring-test-5.2.11.RELEASE-sources.jar
2020-12-01 11:35:52,991 [Worker-0: Download sources and javadoc] INFO  o.e.m.j.internal.DownloadSourcesJob - Downloaded sources for org.springframework:spring-test:5.2.11.RELEASE
2020-12-01 11:35:52,998 [Worker-0: Download sources and javadoc] INFO  o.e.m.j.internal.DownloadSourcesJob - Downloaded sources for org.springframework.boot:spring-boot-starter-web:2.3.6.RELEASE
2020-12-01 11:35:53,008 [Worker-0: Download sources and javadoc] INFO  o.e.m.j.internal.DownloadSourcesJob - Downloaded sources for org.springframework.boot:spring-boot-starter:2.3.6.RELEASE
2020-12-01 11:35:53,015 [Worker-0: Download sources and javadoc] INFO  o.e.m.j.internal.DownloadSourcesJob - Downloaded sources for org.springframework.boot:spring-boot:2.3.6.RELEASE
2020-12-01 11:35:53,020 [Worker-0: Download sources and javadoc] INFO  o.e.m.j.internal.DownloadSourcesJob - Downloaded sources for org.springframework.boot:spring-boot-autoconfigure:2.3.6.RELEASE
2020-12-01 11:35:53,027 [Worker-0: Download sources and javadoc] INFO  o.e.m.j.internal.DownloadSourcesJob - Downloaded sources for org.springframework.boot:spring-boot-starter-logging:2.3.6.RELEASE
2020-12-01 11:35:53,032 [Worker-0: Download sources and javadoc] INFO  o.e.m.j.internal.DownloadSourcesJob - Downloaded sources for org.springframework.boot:spring-boot-starter-json:2.3.6.RELEASE
2020-12-01 11:35:53,037 [Worker-0: Download sources and javadoc] INFO  o.e.m.j.internal.DownloadSourcesJob - Downloaded sources for org.springframework.boot:spring-boot-starter-tomcat:2.3.6.RELEASE
2020-12-01 11:35:53,047 [Worker-0: Download sources and javadoc] INFO  o.e.m.j.internal.DownloadSourcesJob - Downloaded sources for org.springframework:spring-web:5.2.11.RELEASE
2020-12-01 11:35:53,055 [Worker-0: Download sources and javadoc] INFO  o.e.m.j.internal.DownloadSourcesJob - Downloaded sources for org.springframework:spring-beans:5.2.11.RELEASE
2020-12-01 11:35:53,062 [Worker-0: Download sources and javadoc] INFO  o.e.m.j.internal.DownloadSourcesJob - Downloaded sources for org.springframework:spring-webmvc:5.2.11.RELEASE
2020-12-01 11:35:53,081 [Worker-0: Download sources and javadoc] INFO  o.e.m.j.internal.DownloadSourcesJob - Downloaded sources for org.springframework:spring-aop:5.2.11.RELEASE
2020-12-01 11:35:53,087 [Worker-0: Download sources and javadoc] INFO  o.e.m.j.internal.DownloadSourcesJob - Downloaded sources for org.springframework:spring-context:5.2.11.RELEASE
2020-12-01 11:35:53,093 [Worker-0: Download sources and javadoc] INFO  o.e.m.j.internal.DownloadSourcesJob - Downloaded sources for org.springframework:spring-expression:5.2.11.RELEASE
2020-12-01 11:35:53,097 [Worker-0: Download sources and javadoc] INFO  o.e.m.j.internal.DownloadSourcesJob - Downloaded sources for org.springframework.boot:spring-boot-starter-test:2.3.6.RELEASE
2020-12-01 11:35:53,102 [Worker-0: Download sources and javadoc] INFO  o.e.m.j.internal.DownloadSourcesJob - Downloaded sources for org.springframework.boot:spring-boot-test:2.3.6.RELEASE
2020-12-01 11:35:53,106 [Worker-0: Download sources and javadoc] INFO  o.e.m.j.internal.DownloadSourcesJob - Downloaded sources for org.springframework.boot:spring-boot-test-autoconfigure:2.3.6.RELEASE
2020-12-01 11:35:53,110 [Worker-0: Download sources and javadoc] INFO  o.e.m.j.internal.DownloadSourcesJob - Downloaded sources for org.junit.jupiter:junit-jupiter:5.6.3
2020-12-01 11:35:53,114 [Worker-0: Download sources and javadoc] INFO  o.e.m.j.internal.DownloadSourcesJob - Downloaded sources for org.junit.jupiter:junit-jupiter-api:5.6.3
2020-12-01 11:35:53,118 [Worker-0: Download sources and javadoc] INFO  o.e.m.j.internal.DownloadSourcesJob - Downloaded sources for org.junit.platform:junit-platform-commons:1.6.3
2020-12-01 11:35:53,122 [Worker-0: Download sources and javadoc] INFO  o.e.m.j.internal.DownloadSourcesJob - Downloaded sources for org.junit.jupiter:junit-jupiter-params:5.6.3
2020-12-01 11:35:53,128 [Worker-0: Download sources and javadoc] INFO  o.e.m.j.internal.DownloadSourcesJob - Downloaded sources for org.junit.jupiter:junit-jupiter-engine:5.6.3
2020-12-01 11:35:53,135 [Worker-0: Download sources and javadoc] INFO  o.e.m.j.internal.DownloadSourcesJob - Downloaded sources for org.junit.platform:junit-platform-engine:1.6.3
2020-12-01 11:35:53,140 [Worker-0: Download sources and javadoc] INFO  o.e.m.j.internal.DownloadSourcesJob - Downloaded sources for org.springframework:spring-core:5.2.11.RELEASE
2020-12-01 11:35:53,145 [Worker-0: Download sources and javadoc] INFO  o.e.m.j.internal.DownloadSourcesJob - Downloaded sources for org.springframework:spring-jcl:5.2.11.RELEASE
2020-12-01 11:35:53,149 [Worker-0: Download sources and javadoc] INFO  o.e.m.j.internal.DownloadSourcesJob - Downloaded sources for org.springframework:spring-test:5.2.11.RELEASE
2020-12-01 11:35:53,573 [Worker-9: Building] INFO  o.e.m.c.i.embedder.EclipseLogger - Using 'UTF-8' encoding to copy filtered resources.
2020-12-01 11:35:53,575 [Worker-9: Building] INFO  o.e.m.c.i.embedder.EclipseLogger - Copying 0 resource
2020-12-01 11:35:53,576 [Worker-9: Building] INFO  o.e.m.c.i.embedder.EclipseLogger - Copying 0 resource
2020-12-01 11:35:53,578 [Worker-9: Building] INFO  o.e.m.c.i.embedder.EclipseLogger - Using 'UTF-8' encoding to copy filtered resources.
2020-12-01 11:35:53,578 [Worker-9: Building] INFO  o.e.m.c.i.embedder.EclipseLogger - skip non existing resourceDirectory D:\Projetos BootCamp\Atividade1\backend\src\test\resources
2020-12-01 11:37:03,460 [Worker-6: Building] INFO  o.e.m.c.i.l.LifecycleMappingFactory - Using org.eclipse.m2e.jdt.JarLifecycleMapping lifecycle mapping for MavenProject: com.devsuperior:crudClientes:0.0.1-SNAPSHOT @ D:\Projetos BootCamp\Atividade1\backend\pom.xml.
2020-12-01 11:37:04,159 [Worker-6: Building] INFO  o.e.m.c.i.e.AbstractTransferListenerAdapter - Downloading https://repo.maven.apache.org/maven2/org/springframework/boot/spring-boot-starter-data-jpa/2.3.6.RELEASE/spring-boot-starter-data-jpa-2.3.6.RELEASE.pom
2020-12-01 11:37:04,453 [Worker-6: Building] INFO  o.e.m.c.i.e.AbstractTransferListenerAdapter - Downloaded https://repo.maven.apache.org/maven2/org/springframework/boot/spring-boot-starter-data-jpa/2.3.6.RELEASE/spring-boot-starter-data-jpa-2.3.6.RELEASE.pom
2020-12-01 11:37:04,584 [Worker-6: Building] INFO  o.e.m.c.i.e.AbstractTransferListenerAdapter - Downloading https://repo.maven.apache.org/maven2/org/springframework/boot/spring-boot-starter-aop/2.3.6.RELEASE/spring-boot-starter-aop-2.3.6.RELEASE.pom
2020-12-01 11:37:04,714 [Worker-6: Building] INFO  o.e.m.c.i.e.AbstractTransferListenerAdapter - Downloaded https://repo.maven.apache.org/maven2/org/springframework/boot/spring-boot-starter-aop/2.3.6.RELEASE/spring-boot-starter-aop-2.3.6.RELEASE.pom
2020-12-01 11:37:04,847 [Worker-6: Building] INFO  o.e.m.c.i.e.AbstractTransferListenerAdapter - Downloading https://repo.maven.apache.org/maven2/org/springframework/boot/spring-boot-starter-jdbc/2.3.6.RELEASE/spring-boot-starter-jdbc-2.3.6.RELEASE.pom
2020-12-01 11:37:04,977 [Worker-6: Building] INFO  o.e.m.c.i.e.AbstractTransferListenerAdapter - Downloaded https://repo.maven.apache.org/maven2/org/springframework/boot/spring-boot-starter-jdbc/2.3.6.RELEASE/spring-boot-starter-jdbc-2.3.6.RELEASE.pom
2020-12-01 11:37:05,110 [Worker-6: Building] INFO  o.e.m.c.i.e.AbstractTransferListenerAdapter - Downloading https://repo.maven.apache.org/maven2/org/springframework/spring-jdbc/5.2.11.RELEASE/spring-jdbc-5.2.11.RELEASE.pom
2020-12-01 11:37:05,261 [Worker-6: Building] INFO  o.e.m.c.i.e.AbstractTransferListenerAdapter - Downloaded https://repo.maven.apache.org/maven2/org/springframework/spring-jdbc/5.2.11.RELEASE/spring-jdbc-5.2.11.RELEASE.pom
2020-12-01 11:37:05,396 [Worker-6: Building] INFO  o.e.m.c.i.e.AbstractTransferListenerAdapter - Downloading https://repo.maven.apache.org/maven2/org/springframework/spring-tx/5.2.11.RELEASE/spring-tx-5.2.11.RELEASE.pom
2020-12-01 11:37:05,526 [Worker-6: Building] INFO  o.e.m.c.i.e.AbstractTransferListenerAdapter - Downloaded https://repo.maven.apache.org/maven2/org/springframework/spring-tx/5.2.11.RELEASE/spring-tx-5.2.11.RELEASE.pom
2020-12-01 11:37:05,718 [Worker-6: Building] INFO  o.e.m.c.i.e.AbstractTransferListenerAdapter - Downloading https://repo.maven.apache.org/maven2/org/springframework/data/spring-data-jpa/2.3.5.RELEASE/spring-data-jpa-2.3.5.RELEASE.pom
2020-12-01 11:37:05,851 [Worker-6: Building] INFO  o.e.m.c.i.e.AbstractTransferListenerAdapter - Downloaded https://repo.maven.apache.org/maven2/org/springframework/data/spring-data-jpa/2.3.5.RELEASE/spring-data-jpa-2.3.5.RELEASE.pom
2020-12-01 11:37:05,983 [Worker-6: Building] INFO  o.e.m.c.i.e.AbstractTransferListenerAdapter - Downloading https://repo.maven.apache.org/maven2/org/springframework/data/build/spring-data-parent/2.3.5.RELEASE/spring-data-parent-2.3.5.RELEASE.pom
2020-12-01 11:37:06,154 [Worker-6: Building] INFO  o.e.m.c.i.e.AbstractTransferListenerAdapter - Downloaded https://repo.maven.apache.org/maven2/org/springframework/data/build/spring-data-parent/2.3.5.RELEASE/spring-data-parent-2.3.5.RELEASE.pom
2020-12-01 11:37:06,289 [Worker-6: Building] INFO  o.e.m.c.i.e.AbstractTransferListenerAdapter - Downloading https://repo.maven.apache.org/maven2/io/projectreactor/reactor-bom/Dysprosium-SR13/reactor-bom-Dysprosium-SR13.pom
2020-12-01 11:37:06,417 [Worker-6: Building] INFO  o.e.m.c.i.e.AbstractTransferListenerAdapter - Downloaded https://repo.maven.apache.org/maven2/io/projectreactor/reactor-bom/Dysprosium-SR13/reactor-bom-Dysprosium-SR13.pom
2020-12-01 11:37:06,548 [Worker-6: Building] INFO  o.e.m.c.i.e.AbstractTransferListenerAdapter - Downloading https://repo.maven.apache.org/maven2/org/springframework/spring-framework-bom/5.2.10.RELEASE/spring-framework-bom-5.2.10.RELEASE.pom
2020-12-01 11:37:06,676 [Worker-6: Building] INFO  o.e.m.c.i.e.AbstractTransferListenerAdapter - Downloaded https://repo.maven.apache.org/maven2/org/springframework/spring-framework-bom/5.2.10.RELEASE/spring-framework-bom-5.2.10.RELEASE.pom
2020-12-01 11:37:06,835 [Worker-6: Building] INFO  o.e.m.c.i.e.AbstractTransferListenerAdapter - Downloading https://repo.maven.apache.org/maven2/org/springframework/data/spring-data-commons/2.3.5.RELEASE/spring-data-commons-2.3.5.RELEASE.pom
2020-12-01 11:37:06,966 [Worker-6: Building] INFO  o.e.m.c.i.e.AbstractTransferListenerAdapter - Downloaded https://repo.maven.apache.org/maven2/org/springframework/data/spring-data-commons/2.3.5.RELEASE/spring-data-commons-2.3.5.RELEASE.pom
2020-12-01 11:37:07,096 [Worker-6: Building] INFO  o.e.m.c.i.e.AbstractTransferListenerAdapter - Downloading https://repo.maven.apache.org/maven2/org/springframework/spring-orm/5.2.11.RELEASE/spring-orm-5.2.11.RELEASE.pom
2020-12-01 11:37:07,222 [Worker-6: Building] INFO  o.e.m.c.i.e.AbstractTransferListenerAdapter - Downloaded https://repo.maven.apache.org/maven2/org/springframework/spring-orm/5.2.11.RELEASE/spring-orm-5.2.11.RELEASE.pom
2020-12-01 11:37:07,358 [Worker-6: Building] INFO  o.e.m.c.i.e.AbstractTransferListenerAdapter - Downloading https://repo.maven.apache.org/maven2/org/springframework/spring-aspects/5.2.11.RELEASE/spring-aspects-5.2.11.RELEASE.pom
2020-12-01 11:37:07,488 [Worker-6: Building] INFO  o.e.m.c.i.e.AbstractTransferListenerAdapter - Downloaded https://repo.maven.apache.org/maven2/org/springframework/spring-aspects/5.2.11.RELEASE/spring-aspects-5.2.11.RELEASE.pom
2020-12-01 11:37:07,620 [Worker-6: Building] INFO  o.e.m.c.i.e.AbstractTransferListenerAdapter - Downloading https://repo.maven.apache.org/maven2/org/springframework/boot/spring-boot-starter-validation/2.3.6.RELEASE/spring-boot-starter-validation-2.3.6.RELEASE.pom
2020-12-01 11:37:07,754 [Worker-6: Building] INFO  o.e.m.c.i.e.AbstractTransferListenerAdapter - Downloaded https://repo.maven.apache.org/maven2/org/springframework/boot/spring-boot-starter-validation/2.3.6.RELEASE/spring-boot-starter-validation-2.3.6.RELEASE.pom
2020-12-01 11:37:07,932 [AetherRepositoryConnector-repo.maven.apache.org-1-0] INFO  o.e.m.c.i.e.AbstractTransferListenerAdapter - Downloading https://repo.maven.apache.org/maven2/org/springframework/boot/spring-boot-starter-data-jpa/2.3.6.RELEASE/spring-boot-starter-data-jpa-2.3.6.RELEASE.jar
2020-12-01 11:37:08,056 [AetherRepositoryConnector-repo.maven.apache.org-1-2] INFO  o.e.m.c.i.e.AbstractTransferListenerAdapter - Downloading https://repo.maven.apache.org/maven2/org/springframework/boot/spring-boot-starter-jdbc/2.3.6.RELEASE/spring-boot-starter-jdbc-2.3.6.RELEASE.jar
2020-12-01 11:37:08,057 [AetherRepositoryConnector-repo.maven.apache.org-1-1] INFO  o.e.m.c.i.e.AbstractTransferListenerAdapter - Downloading https://repo.maven.apache.org/maven2/org/springframework/boot/spring-boot-starter-aop/2.3.6.RELEASE/spring-boot-starter-aop-2.3.6.RELEASE.jar
2020-12-01 11:37:08,068 [AetherRepositoryConnector-repo.maven.apache.org-1-4] INFO  o.e.m.c.i.e.AbstractTransferListenerAdapter - Downloading https://repo.maven.apache.org/maven2/org/springframework/data/spring-data-jpa/2.3.5.RELEASE/spring-data-jpa-2.3.5.RELEASE.jar
2020-12-01 11:37:08,204 [AetherRepositoryConnector-repo.maven.apache.org-1-3] INFO  o.e.m.c.i.e.AbstractTransferListenerAdapter - Downloading https://repo.maven.apache.org/maven2/org/springframework/spring-jdbc/5.2.11.RELEASE/spring-jdbc-5.2.11.RELEASE.jar
2020-12-01 11:37:08,367 [AetherRepositoryConnector-repo.maven.apache.org-1-0] INFO  o.e.m.c.i.e.AbstractTransferListenerAdapter - Downloaded https://repo.maven.apache.org/maven2/org/springframework/boot/spring-boot-starter-data-jpa/2.3.6.RELEASE/spring-boot-starter-data-jpa-2.3.6.RELEASE.jar
2020-12-01 11:37:08,369 [AetherRepositoryConnector-repo.maven.apache.org-1-2] INFO  o.e.m.c.i.e.AbstractTransferListenerAdapter - Downloaded https://repo.maven.apache.org/maven2/org/springframework/boot/spring-boot-starter-jdbc/2.3.6.RELEASE/spring-boot-starter-jdbc-2.3.6.RELEASE.jar
2020-12-01 11:37:08,369 [AetherRepositoryConnector-repo.maven.apache.org-1-1] INFO  o.e.m.c.i.e.AbstractTransferListenerAdapter - Downloaded https://repo.maven.apache.org/maven2/org/springframework/boot/spring-boot-starter-aop/2.3.6.RELEASE/spring-boot-starter-aop-2.3.6.RELEASE.jar
2020-12-01 11:37:08,612 [AetherRepositoryConnector-repo.maven.apache.org-1-0] INFO  o.e.m.c.i.e.AbstractTransferListenerAdapter - Downloading https://repo.maven.apache.org/maven2/org/springframework/data/spring-data-commons/2.3.5.RELEASE/spring-data-commons-2.3.5.RELEASE.jar
2020-12-01 11:37:08,715 [AetherRepositoryConnector-repo.maven.apache.org-1-2] INFO  o.e.m.c.i.e.AbstractTransferListenerAdapter - Downloading https://repo.maven.apache.org/maven2/org/springframework/spring-orm/5.2.11.RELEASE/spring-orm-5.2.11.RELEASE.jar
2020-12-01 11:37:08,715 [AetherRepositoryConnector-repo.maven.apache.org-1-1] INFO  o.e.m.c.i.e.AbstractTransferListenerAdapter - Downloading https://repo.maven.apache.org/maven2/org/springframework/spring-tx/5.2.11.RELEASE/spring-tx-5.2.11.RELEASE.jar
2020-12-01 11:37:09,171 [AetherRepositoryConnector-repo.maven.apache.org-1-4] INFO  o.e.m.c.i.e.AbstractTransferListenerAdapter - Downloaded https://repo.maven.apache.org/maven2/org/springframework/data/spring-data-jpa/2.3.5.RELEASE/spring-data-jpa-2.3.5.RELEASE.jar
2020-12-01 11:37:09,195 [AetherRepositoryConnector-repo.maven.apache.org-1-3] INFO  o.e.m.c.i.e.AbstractTransferListenerAdapter - Downloaded https://repo.maven.apache.org/maven2/org/springframework/spring-jdbc/5.2.11.RELEASE/spring-jdbc-5.2.11.RELEASE.jar
2020-12-01 11:37:09,465 [AetherRepositoryConnector-repo.maven.apache.org-1-4] INFO  o.e.m.c.i.e.AbstractTransferListenerAdapter - Downloading https://repo.maven.apache.org/maven2/org/springframework/spring-aspects/5.2.11.RELEASE/spring-aspects-5.2.11.RELEASE.jar
2020-12-01 11:37:09,466 [AetherRepositoryConnector-repo.maven.apache.org-1-3] INFO  o.e.m.c.i.e.AbstractTransferListenerAdapter - Downloading https://repo.maven.apache.org/maven2/org/springframework/boot/spring-boot-starter-validation/2.3.6.RELEASE/spring-boot-starter-validation-2.3.6.RELEASE.jar
2020-12-01 11:37:09,470 [AetherRepositoryConnector-repo.maven.apache.org-1-2] INFO  o.e.m.c.i.e.AbstractTransferListenerAdapter - Downloaded https://repo.maven.apache.org/maven2/org/springframework/spring-orm/5.2.11.RELEASE/spring-orm-5.2.11.RELEASE.jar
2020-12-01 11:37:09,470 [AetherRepositoryConnector-repo.maven.apache.org-1-1] INFO  o.e.m.c.i.e.AbstractTransferListenerAdapter - Downloaded https://repo.maven.apache.org/maven2/org/springframework/spring-tx/5.2.11.RELEASE/spring-tx-5.2.11.RELEASE.jar
2020-12-01 11:37:09,591 [AetherRepositoryConnector-repo.maven.apache.org-1-0] INFO  o.e.m.c.i.e.AbstractTransferListenerAdapter - Downloaded https://repo.maven.apache.org/maven2/org/springframework/data/spring-data-commons/2.3.5.RELEASE/spring-data-commons-2.3.5.RELEASE.jar
2020-12-01 11:37:09,716 [AetherRepositoryConnector-repo.maven.apache.org-1-3] INFO  o.e.m.c.i.e.AbstractTransferListenerAdapter - Downloaded https://repo.maven.apache.org/maven2/org/springframework/boot/spring-boot-starter-validation/2.3.6.RELEASE/spring-boot-starter-validation-2.3.6.RELEASE.jar
2020-12-01 11:37:09,716 [AetherRepositoryConnector-repo.maven.apache.org-1-4] INFO  o.e.m.c.i.e.AbstractTransferListenerAdapter - Downloaded https://repo.maven.apache.org/maven2/org/springframework/spring-aspects/5.2.11.RELEASE/spring-aspects-5.2.11.RELEASE.jar
2020-12-01 11:37:10,831 [Worker-6: Building] INFO  o.e.m.c.i.l.LifecycleMappingFactory - Using org.eclipse.m2e.jdt.JarLifecycleMapping lifecycle mapping for MavenProject: com.devsuperior:crudClientes:0.0.1-SNAPSHOT @ D:\Projetos BootCamp\Atividade1\backend\pom.xml.
2020-12-01 11:37:11,325 [Worker-6: Building] INFO  o.e.m.c.i.embedder.EclipseLogger - Using 'UTF-8' encoding to copy filtered resources.
2020-12-01 11:37:11,329 [Worker-6: Building] INFO  o.e.m.c.i.embedder.EclipseLogger - Copying 0 resource
2020-12-01 11:37:11,329 [Worker-6: Building] INFO  o.e.m.c.i.embedder.EclipseLogger - Copying 0 resource
2020-12-01 11:37:11,333 [Worker-6: Building] INFO  o.e.m.c.i.embedder.EclipseLogger - Using 'UTF-8' encoding to copy filtered resources.
2020-12-01 11:37:11,333 [Worker-6: Building] INFO  o.e.m.c.i.embedder.EclipseLogger - skip non existing resourceDirectory D:\Projetos BootCamp\Atividade1\backend\src\test\resources
2020-12-01 11:37:13,094 [Worker-10: Download sources and javadoc] INFO  o.e.m.c.i.e.AbstractTransferListenerAdapter - Downloading https://repo.maven.apache.org/maven2/org/springframework/boot/spring-boot-starter-data-jpa/2.3.6.RELEASE/spring-boot-starter-data-jpa-2.3.6.RELEASE-sources.jar
2020-12-01 11:37:13,159 [Worker-3: Building] INFO  o.e.m.c.i.embedder.EclipseLogger - Using 'UTF-8' encoding to copy filtered resources.
2020-12-01 11:37:13,162 [Worker-3: Building] INFO  o.e.m.c.i.embedder.EclipseLogger - Copying 1 resource
2020-12-01 11:37:13,179 [Worker-3: Building] INFO  o.e.m.c.i.embedder.EclipseLogger - Copying 0 resource
2020-12-01 11:37:13,182 [Worker-3: Building] INFO  o.e.m.c.i.embedder.EclipseLogger - Using 'UTF-8' encoding to copy filtered resources.
2020-12-01 11:37:13,182 [Worker-3: Building] INFO  o.e.m.c.i.embedder.EclipseLogger - skip non existing resourceDirectory D:\Projetos BootCamp\Atividade1\backend\src\test\resources
2020-12-01 11:37:13,224 [Worker-10: Download sources and javadoc] INFO  o.e.m.c.i.e.AbstractTransferListenerAdapter - Downloaded https://repo.maven.apache.org/maven2/org/springframework/boot/spring-boot-starter-data-jpa/2.3.6.RELEASE/spring-boot-starter-data-jpa-2.3.6.RELEASE-sources.jar
2020-12-01 11:37:13,324 [Worker-10: Download sources and javadoc] INFO  o.e.m.j.internal.DownloadSourcesJob - Downloaded sources for org.springframework.boot:spring-boot-starter-data-jpa:2.3.6.RELEASE
2020-12-01 11:37:13,877 [Worker-10: Download sources and javadoc] INFO  o.e.m.c.i.e.AbstractTransferListenerAdapter - Downloading https://repo.maven.apache.org/maven2/org/springframework/boot/spring-boot-starter-aop/2.3.6.RELEASE/spring-boot-starter-aop-2.3.6.RELEASE-sources.jar
2020-12-01 11:37:14,164 [Worker-10: Download sources and javadoc] INFO  o.e.m.c.i.e.AbstractTransferListenerAdapter - Downloaded https://repo.maven.apache.org/maven2/org/springframework/boot/spring-boot-starter-aop/2.3.6.RELEASE/spring-boot-starter-aop-2.3.6.RELEASE-sources.jar
2020-12-01 11:37:14,229 [Worker-10: Download sources and javadoc] INFO  o.e.m.j.internal.DownloadSourcesJob - Downloaded sources for org.springframework.boot:spring-boot-starter-aop:2.3.6.RELEASE
2020-12-01 11:37:14,776 [Worker-10: Download sources and javadoc] INFO  o.e.m.c.i.e.AbstractTransferListenerAdapter - Downloading https://repo.maven.apache.org/maven2/org/springframework/boot/spring-boot-starter-jdbc/2.3.6.RELEASE/spring-boot-starter-jdbc-2.3.6.RELEASE-sources.jar
2020-12-01 11:37:14,916 [Worker-10: Download sources and javadoc] INFO  o.e.m.c.i.e.AbstractTransferListenerAdapter - Downloaded https://repo.maven.apache.org/maven2/org/springframework/boot/spring-boot-starter-jdbc/2.3.6.RELEASE/spring-boot-starter-jdbc-2.3.6.RELEASE-sources.jar
2020-12-01 11:37:14,998 [Worker-10: Download sources and javadoc] INFO  o.e.m.j.internal.DownloadSourcesJob - Downloaded sources for org.springframework.boot:spring-boot-starter-jdbc:2.3.6.RELEASE
2020-12-01 11:37:15,560 [Worker-10: Download sources and javadoc] INFO  o.e.m.c.i.e.AbstractTransferListenerAdapter - Downloading https://repo.maven.apache.org/maven2/org/springframework/spring-jdbc/5.2.11.RELEASE/spring-jdbc-5.2.11.RELEASE-sources.jar
2020-12-01 11:37:16,384 [Worker-10: Download sources and javadoc] INFO  o.e.m.c.i.e.AbstractTransferListenerAdapter - Downloaded https://repo.maven.apache.org/maven2/org/springframework/spring-jdbc/5.2.11.RELEASE/spring-jdbc-5.2.11.RELEASE-sources.jar
2020-12-01 11:37:16,435 [Worker-10: Download sources and javadoc] INFO  o.e.m.j.internal.DownloadSourcesJob - Downloaded sources for org.springframework:spring-jdbc:5.2.11.RELEASE
2020-12-01 11:37:16,996 [Worker-10: Download sources and javadoc] INFO  o.e.m.c.i.e.AbstractTransferListenerAdapter - Downloading https://repo.maven.apache.org/maven2/org/springframework/data/spring-data-jpa/2.3.5.RELEASE/spring-data-jpa-2.3.5.RELEASE-sources.jar
2020-12-01 11:37:17,529 [Worker-10: Download sources and javadoc] INFO  o.e.m.c.i.e.AbstractTransferListenerAdapter - Downloaded https://repo.maven.apache.org/maven2/org/springframework/data/spring-data-jpa/2.3.5.RELEASE/spring-data-jpa-2.3.5.RELEASE-sources.jar
2020-12-01 11:37:17,609 [Worker-10: Download sources and javadoc] INFO  o.e.m.j.internal.DownloadSourcesJob - Downloaded sources for org.springframework.data:spring-data-jpa:2.3.5.RELEASE
2020-12-01 11:37:18,163 [Worker-10: Download sources and javadoc] INFO  o.e.m.c.i.e.AbstractTransferListenerAdapter - Downloading https://repo.maven.apache.org/maven2/org/springframework/data/spring-data-commons/2.3.5.RELEASE/spring-data-commons-2.3.5.RELEASE-sources.jar
2020-12-01 11:37:21,421 [Worker-10: Download sources and javadoc] INFO  o.e.m.c.i.e.AbstractTransferListenerAdapter - Downloaded https://repo.maven.apache.org/maven2/org/springframework/data/spring-data-commons/2.3.5.RELEASE/spring-data-commons-2.3.5.RELEASE-sources.jar
2020-12-01 11:37:21,475 [Worker-10: Download sources and javadoc] INFO  o.e.m.j.internal.DownloadSourcesJob - Downloaded sources for org.springframework.data:spring-data-commons:2.3.5.RELEASE
2020-12-01 11:37:22,030 [Worker-10: Download sources and javadoc] INFO  o.e.m.c.i.e.AbstractTransferListenerAdapter - Downloading https://repo.maven.apache.org/maven2/org/springframework/spring-orm/5.2.11.RELEASE/spring-orm-5.2.11.RELEASE-sources.jar
2020-12-01 11:37:22,442 [Worker-10: Download sources and javadoc] INFO  o.e.m.c.i.e.AbstractTransferListenerAdapter - Downloaded https://repo.maven.apache.org/maven2/org/springframework/spring-orm/5.2.11.RELEASE/spring-orm-5.2.11.RELEASE-sources.jar
2020-12-01 11:37:22,531 [Worker-10: Download sources and javadoc] INFO  o.e.m.j.internal.DownloadSourcesJob - Downloaded sources for org.springframework:spring-orm:5.2.11.RELEASE
2020-12-01 11:37:23,093 [Worker-10: Download sources and javadoc] INFO  o.e.m.c.i.e.AbstractTransferListenerAdapter - Downloading https://repo.maven.apache.org/maven2/org/springframework/spring-tx/5.2.11.RELEASE/spring-tx-5.2.11.RELEASE-sources.jar
2020-12-01 11:37:24,041 [Worker-10: Download sources and javadoc] INFO  o.e.m.c.i.e.AbstractTransferListenerAdapter - Downloaded https://repo.maven.apache.org/maven2/org/springframework/spring-tx/5.2.11.RELEASE/spring-tx-5.2.11.RELEASE-sources.jar
2020-12-01 11:37:24,132 [Worker-10: Download sources and javadoc] INFO  o.e.m.j.internal.DownloadSourcesJob - Downloaded sources for org.springframework:spring-tx:5.2.11.RELEASE
2020-12-01 11:37:24,689 [Worker-10: Download sources and javadoc] INFO  o.e.m.c.i.e.AbstractTransferListenerAdapter - Downloading https://repo.maven.apache.org/maven2/org/springframework/spring-aspects/5.2.11.RELEASE/spring-aspects-5.2.11.RELEASE-sources.jar
2020-12-01 11:37:24,984 [Worker-10: Download sources and javadoc] INFO  o.e.m.c.i.e.AbstractTransferListenerAdapter - Downloaded https://repo.maven.apache.org/maven2/org/springframework/spring-aspects/5.2.11.RELEASE/spring-aspects-5.2.11.RELEASE-sources.jar
2020-12-01 11:37:25,076 [Worker-10: Download sources and javadoc] INFO  o.e.m.j.internal.DownloadSourcesJob - Downloaded sources for org.springframework:spring-aspects:5.2.11.RELEASE
2020-12-01 11:37:25,626 [Worker-10: Download sources and javadoc] INFO  o.e.m.c.i.e.AbstractTransferListenerAdapter - Downloading https://repo.maven.apache.org/maven2/org/springframework/boot/spring-boot-starter-validation/2.3.6.RELEASE/spring-boot-starter-validation-2.3.6.RELEASE-sources.jar
2020-12-01 11:37:25,916 [Worker-10: Download sources and javadoc] INFO  o.e.m.c.i.e.AbstractTransferListenerAdapter - Downloaded https://repo.maven.apache.org/maven2/org/springframework/boot/spring-boot-starter-validation/2.3.6.RELEASE/spring-boot-starter-validation-2.3.6.RELEASE-sources.jar
2020-12-01 11:37:26,001 [Worker-10: Download sources and javadoc] INFO  o.e.m.j.internal.DownloadSourcesJob - Downloaded sources for org.springframework.boot:spring-boot-starter-validation:2.3.6.RELEASE
2020-12-01 11:37:26,390 [Worker-0: Building] INFO  o.e.m.c.i.embedder.EclipseLogger - Using 'UTF-8' encoding to copy filtered resources.
2020-12-01 11:37:26,390 [Worker-0: Building] INFO  o.e.m.c.i.embedder.EclipseLogger - Copying 0 resource
2020-12-01 11:37:26,391 [Worker-0: Building] INFO  o.e.m.c.i.embedder.EclipseLogger - Copying 0 resource
2020-12-01 11:37:26,393 [Worker-0: Building] INFO  o.e.m.c.i.embedder.EclipseLogger - Using 'UTF-8' encoding to copy filtered resources.
2020-12-01 11:37:26,393 [Worker-0: Building] INFO  o.e.m.c.i.embedder.EclipseLogger - skip non existing resourceDirectory D:\Projetos BootCamp\Atividade1\backend\src\test\resources
2020-12-01 11:42:25,508 [Worker-11: Building] INFO  o.e.m.c.i.embedder.EclipseLogger - Using 'UTF-8' encoding to copy filtered resources.
2020-12-01 11:42:25,510 [Worker-11: Building] INFO  o.e.m.c.i.embedder.EclipseLogger - Copying 1 resource
2020-12-01 11:42:25,518 [Worker-11: Building] INFO  o.e.m.c.i.embedder.EclipseLogger - Copying 0 resource
2020-12-01 11:42:25,526 [Worker-11: Building] INFO  o.e.m.c.i.embedder.EclipseLogger - Using 'UTF-8' encoding to copy filtered resources.
2020-12-01 11:42:25,527 [Worker-11: Building] INFO  o.e.m.c.i.embedder.EclipseLogger - skip non existing resourceDirectory D:\Projetos BootCamp\Atividade1\backend\src\test\resources
2020-12-01 11:46:24,962 [Worker-12: Importing Maven projects] INFO  o.e.m.c.i.l.LifecycleMappingFactory - Using org.eclipse.m2e.jdt.JarLifecycleMapping lifecycle mapping for MavenProject: com.elissandro:cadCliente:0.0.1-SNAPSHOT @ D:\Projetos BootCamp\Atividade1\backend\pom.xml.
2020-12-01 11:46:25,804 [Worker-12: Importing Maven projects] INFO  o.e.m.j.i.AbstractJavaProjectConfigurator - Adding source folder /backend/src/main/java
2020-12-01 11:46:25,804 [Worker-12: Importing Maven projects] INFO  o.e.m.j.i.AbstractJavaProjectConfigurator - Adding resource folder /backend/src/main/resources
2020-12-01 11:46:25,807 [Worker-12: Importing Maven projects] INFO  o.e.m.j.i.AbstractJavaProjectConfigurator - Adding resource folder /backend/src/main/resources
2020-12-01 11:46:25,811 [Worker-12: Importing Maven projects] INFO  o.e.m.j.i.AbstractJavaProjectConfigurator - Adding source folder /backend/src/test/java
2020-12-01 11:46:25,976 [Worker-12: Importing Maven projects] INFO  o.e.m.c.i.p.ProjectConfigurationManager - Imported and configured 1 project(s) in 1 sec
2020-12-01 11:46:26,693 [Worker-15: Building] INFO  o.e.m.c.i.embedder.EclipseLogger - Using 'UTF-8' encoding to copy filtered resources.
2020-12-01 11:46:26,694 [Worker-15: Building] INFO  o.e.m.c.i.embedder.EclipseLogger - Copying 1 resource
2020-12-01 11:46:26,712 [Worker-15: Building] INFO  o.e.m.c.i.embedder.EclipseLogger - Copying 0 resource
2020-12-01 11:46:26,715 [Worker-15: Building] INFO  o.e.m.c.i.embedder.EclipseLogger - Using 'UTF-8' encoding to copy filtered resources.
2020-12-01 11:46:26,715 [Worker-15: Building] INFO  o.e.m.c.i.embedder.EclipseLogger - skip non existing resourceDirectory D:\Projetos BootCamp\Atividade1\backend\src\test\resources
2020-12-01 11:47:04,726 [Worker-17: Building] INFO  o.e.m.c.i.l.LifecycleMappingFactory - Using org.eclipse.m2e.jdt.JarLifecycleMapping lifecycle mapping for MavenProject: com.elissandro:cadCliente:0.0.1-SNAPSHOT @ D:\Projetos BootCamp\Atividade1\backend\pom.xml.
2020-12-01 11:47:05,315 [Worker-17: Building] INFO  o.e.m.c.i.embedder.EclipseLogger - Using 'UTF-8' encoding to copy filtered resources.
2020-12-01 11:47:05,318 [Worker-17: Building] INFO  o.e.m.c.i.embedder.EclipseLogger - Copying 0 resource
2020-12-01 11:47:05,319 [Worker-17: Building] INFO  o.e.m.c.i.embedder.EclipseLogger - Copying 0 resource
2020-12-01 11:47:05,323 [Worker-17: Building] INFO  o.e.m.c.i.embedder.EclipseLogger - Using 'UTF-8' encoding to copy filtered resources.
2020-12-01 11:47:05,324 [Worker-17: Building] INFO  o.e.m.c.i.embedder.EclipseLogger - skip non existing resourceDirectory D:\Projetos BootCamp\Atividade1\backend\src\test\resources
2020-12-01 11:47:07,350 [Worker-16: Building] INFO  o.e.m.c.i.embedder.EclipseLogger - Using 'UTF-8' encoding to copy filtered resources.
2020-12-01 11:47:07,353 [Worker-16: Building] INFO  o.e.m.c.i.embedder.EclipseLogger - Copying 1 resource
2020-12-01 11:47:07,368 [Worker-16: Building] INFO  o.e.m.c.i.embedder.EclipseLogger - Copying 0 resource
2020-12-01 11:47:07,371 [Worker-16: Building] INFO  o.e.m.c.i.embedder.EclipseLogger - Using 'UTF-8' encoding to copy filtered resources.
2020-12-01 11:47:07,371 [Worker-16: Building] INFO  o.e.m.c.i.embedder.EclipseLogger - skip non existing resourceDirectory D:\Projetos BootCamp\Atividade1\backend\src\test\resources
2020-12-01 11:48:35,256 [Worker-18: Building] INFO  o.e.m.c.i.embedder.EclipseLogger - Using 'UTF-8' encoding to copy filtered resources.
2020-12-01 11:48:35,257 [Worker-18: Building] INFO  o.e.m.c.i.embedder.EclipseLogger - Copying 1 resource
2020-12-01 11:48:35,258 [Worker-18: Building] INFO  o.e.m.c.i.embedder.EclipseLogger - Copying 0 resource
2020-12-01 11:48:35,263 [Worker-18: Building] INFO  o.e.m.c.i.embedder.EclipseLogger - Using 'UTF-8' encoding to copy filtered resources.
2020-12-01 11:48:35,263 [Worker-18: Building] INFO  o.e.m.c.i.embedder.EclipseLogger - skip non existing resourceDirectory D:\Projetos BootCamp\Atividade1\backend\src\test\resources
2020-12-01 11:48:36,380 [Worker-15: Building] INFO  o.e.m.c.i.embedder.EclipseLogger - Using 'UTF-8' encoding to copy filtered resources.
2020-12-01 11:48:36,380 [Worker-15: Building] INFO  o.e.m.c.i.embedder.EclipseLogger - Copying 0 resource
2020-12-01 11:48:36,380 [Worker-15: Building] INFO  o.e.m.c.i.embedder.EclipseLogger - Copying 0 resource
2020-12-01 11:48:36,383 [Worker-15: Building] INFO  o.e.m.c.i.embedder.EclipseLogger - Using 'UTF-8' encoding to copy filtered resources.
2020-12-01 11:48:36,383 [Worker-15: Building] INFO  o.e.m.c.i.embedder.EclipseLogger - skip non existing resourceDirectory D:\Projetos BootCamp\Atividade1\backend\src\test\resources
2020-12-01 11:51:04,272 [Worker-12: Building] INFO  o.e.m.c.i.embedder.EclipseLogger - Using 'UTF-8' encoding to copy filtered resources.
2020-12-01 11:51:04,272 [Worker-12: Building] INFO  o.e.m.c.i.embedder.EclipseLogger - Copying 1 resource
2020-12-01 11:51:04,273 [Worker-12: Building] INFO  o.e.m.c.i.embedder.EclipseLogger - Copying 0 resource
2020-12-01 11:51:04,275 [Worker-12: Building] INFO  o.e.m.c.i.embedder.EclipseLogger - Using 'UTF-8' encoding to copy filtered resources.
2020-12-01 11:51:04,276 [Worker-12: Building] INFO  o.e.m.c.i.embedder.EclipseLogger - skip non existing resourceDirectory D:\Projetos BootCamp\Atividade1\backend\src\test\resources
2020-12-01 12:01:03,903 [Worker-5: Building] INFO  o.e.m.c.i.embedder.EclipseLogger - Using 'UTF-8' encoding to copy filtered resources.
2020-12-01 12:01:03,904 [Worker-5: Building] INFO  o.e.m.c.i.embedder.EclipseLogger - Copying 1 resource
2020-12-01 12:01:03,906 [Worker-5: Building] INFO  o.e.m.c.i.embedder.EclipseLogger - Copying 0 resource
2020-12-01 12:01:03,908 [Worker-5: Building] INFO  o.e.m.c.i.embedder.EclipseLogger - Using 'UTF-8' encoding to copy filtered resources.
2020-12-01 12:01:03,909 [Worker-5: Building] INFO  o.e.m.c.i.embedder.EclipseLogger - skip non existing resourceDirectory D:\Projetos BootCamp\Atividade1\backend\src\test\resources
2020-12-01 12:07:40,124 [Worker-23: Building] INFO  o.e.m.c.i.embedder.EclipseLogger - Using 'UTF-8' encoding to copy filtered resources.
2020-12-01 12:07:40,125 [Worker-23: Building] INFO  o.e.m.c.i.embedder.EclipseLogger - Copying 1 resource
2020-12-01 12:07:40,126 [Worker-23: Building] INFO  o.e.m.c.i.embedder.EclipseLogger - Copying 0 resource
2020-12-01 12:07:40,129 [Worker-23: Building] INFO  o.e.m.c.i.embedder.EclipseLogger - Using 'UTF-8' encoding to copy filtered resources.
2020-12-01 12:07:40,129 [Worker-23: Building] INFO  o.e.m.c.i.embedder.EclipseLogger - skip non existing resourceDirectory D:\Projetos BootCamp\Atividade1\backend\src\test\resources
2020-12-01 12:14:00,836 [Worker-5: Building] INFO  o.e.m.c.i.embedder.EclipseLogger - Using 'UTF-8' encoding to copy filtered resources.
2020-12-01 12:14:00,837 [Worker-5: Building] INFO  o.e.m.c.i.embedder.EclipseLogger - Copying 1 resource
2020-12-01 12:14:00,839 [Worker-5: Building] INFO  o.e.m.c.i.embedder.EclipseLogger - Copying 0 resource
2020-12-01 12:14:00,843 [Worker-5: Building] INFO  o.e.m.c.i.embedder.EclipseLogger - Using 'UTF-8' encoding to copy filtered resources.
2020-12-01 12:14:00,843 [Worker-5: Building] INFO  o.e.m.c.i.embedder.EclipseLogger - skip non existing resourceDirectory D:\Projetos BootCamp\Atividade1\backend\src\test\resources
2020-12-01 12:14:59,939 [Worker-24: Building] INFO  o.e.m.c.i.embedder.EclipseLogger - Using 'UTF-8' encoding to copy filtered resources.
2020-12-01 12:14:59,940 [Worker-24: Building] INFO  o.e.m.c.i.embedder.EclipseLogger - Copying 1 resource
2020-12-01 12:14:59,940 [Worker-24: Building] INFO  o.e.m.c.i.embedder.EclipseLogger - Copying 0 resource
2020-12-01 12:14:59,943 [Worker-24: Building] INFO  o.e.m.c.i.embedder.EclipseLogger - Using 'UTF-8' encoding to copy filtered resources.
2020-12-01 12:14:59,943 [Worker-24: Building] INFO  o.e.m.c.i.embedder.EclipseLogger - skip non existing resourceDirectory D:\Projetos BootCamp\Atividade1\backend\src\test\resources
2020-12-01 12:15:31,358 [Worker-5: Building] INFO  o.e.m.c.i.embedder.EclipseLogger - Using 'UTF-8' encoding to copy filtered resources.
2020-12-01 12:15:31,359 [Worker-5: Building] INFO  o.e.m.c.i.embedder.EclipseLogger - Copying 1 resource
2020-12-01 12:15:31,360 [Worker-5: Building] INFO  o.e.m.c.i.embedder.EclipseLogger - Copying 0 resource
2020-12-01 12:15:31,362 [Worker-5: Building] INFO  o.e.m.c.i.embedder.EclipseLogger - Using 'UTF-8' encoding to copy filtered resources.
2020-12-01 12:15:31,362 [Worker-5: Building] INFO  o.e.m.c.i.embedder.EclipseLogger - skip non existing resourceDirectory D:\Projetos BootCamp\Atividade1\backend\src\test\resources
2020-12-01 12:17:54,387 [Worker-29: Building] INFO  o.e.m.c.i.embedder.EclipseLogger - Using 'UTF-8' encoding to copy filtered resources.
2020-12-01 12:17:54,388 [Worker-29: Building] INFO  o.e.m.c.i.embedder.EclipseLogger - Copying 1 resource
2020-12-01 12:17:54,388 [Worker-29: Building] INFO  o.e.m.c.i.embedder.EclipseLogger - Copying 0 resource
2020-12-01 12:17:54,390 [Worker-29: Building] INFO  o.e.m.c.i.embedder.EclipseLogger - Using 'UTF-8' encoding to copy filtered resources.
2020-12-01 12:17:54,390 [Worker-29: Building] INFO  o.e.m.c.i.embedder.EclipseLogger - skip non existing resourceDirectory D:\Projetos BootCamp\Atividade1\backend\src\test\resources
2020-12-01 12:28:58,254 [Worker-31: Building] INFO  o.e.m.c.i.embedder.EclipseLogger - Using 'UTF-8' encoding to copy filtered resources.
2020-12-01 12:28:58,256 [Worker-31: Building] INFO  o.e.m.c.i.embedder.EclipseLogger - Copying 1 resource
2020-12-01 12:28:58,258 [Worker-31: Building] INFO  o.e.m.c.i.embedder.EclipseLogger - Copying 0 resource
2020-12-01 12:28:58,261 [Worker-31: Building] INFO  o.e.m.c.i.embedder.EclipseLogger - Using 'UTF-8' encoding to copy filtered resources.
2020-12-01 12:28:58,261 [Worker-31: Building] INFO  o.e.m.c.i.embedder.EclipseLogger - skip non existing resourceDirectory D:\Projetos BootCamp\Atividade1\backend\src\test\resources
2020-12-01 12:38:35,829 [Worker-34: Building] INFO  o.e.m.c.i.embedder.EclipseLogger - Using 'UTF-8' encoding to copy filtered resources.
2020-12-01 12:38:35,830 [Worker-34: Building] INFO  o.e.m.c.i.embedder.EclipseLogger - Copying 1 resource
2020-12-01 12:38:35,831 [Worker-34: Building] INFO  o.e.m.c.i.embedder.EclipseLogger - Copying 0 resource
2020-12-01 12:38:35,833 [Worker-34: Building] INFO  o.e.m.c.i.embedder.EclipseLogger - Using 'UTF-8' encoding to copy filtered resources.
2020-12-01 12:38:35,833 [Worker-34: Building] INFO  o.e.m.c.i.embedder.EclipseLogger - skip non existing resourceDirectory D:\Projetos BootCamp\Atividade1\backend\src\test\resources
